{"/home/travis/build/npmtest/node-npmtest-foundation-cli/test.js":{"path":"/home/travis/build/npmtest/node-npmtest-foundation-cli/test.js","s":{"1":2,"2":2,"3":2,"4":2,"5":2,"6":2,"7":2,"8":1,"9":2,"10":2,"11":1,"12":1,"13":1,"14":1,"15":2,"16":2,"17":2,"18":2,"19":1,"20":1,"21":2,"22":2,"23":2,"24":1,"25":1,"26":1,"27":1,"28":1,"29":1,"30":1,"31":1,"32":1,"33":1,"34":1,"35":1,"36":1,"37":1,"38":1,"39":2,"40":2,"41":1,"42":2,"43":2,"44":1,"45":2,"46":2,"47":1,"48":2,"49":2,"50":1,"51":1,"52":1,"53":1,"54":1},"b":{"1":[2,1,1,1],"2":[1,1,1,1],"3":[1,1],"4":[1,1],"5":[1,1],"6":[1,1],"7":[1,1],"8":[1,1],"9":[1,1],"10":[1,1,1],"11":[1,1],"12":[1,1],"13":[1,1],"14":[1,1],"15":[1,1],"16":[1,1],"17":[1,1]},"f":{"1":2,"2":2,"3":2,"4":2,"5":2,"6":1,"7":1,"8":1,"9":2,"10":2,"11":2,"12":2,"13":1},"fnMap":{"1":{"name":"(anonymous_1)","line":12,"loc":{"start":{"line":12,"column":1},"end":{"line":12,"column":13}}},"2":{"name":"(anonymous_2)","line":19,"loc":{"start":{"line":19,"column":5},"end":{"line":19,"column":17}}},"3":{"name":"(anonymous_3)","line":23,"loc":{"start":{"line":23,"column":24},"end":{"line":23,"column":36}}},"4":{"name":"(anonymous_4)","line":61,"loc":{"start":{"line":61,"column":5},"end":{"line":61,"column":17}}},"5":{"name":"(anonymous_5)","line":82,"loc":{"start":{"line":82,"column":5},"end":{"line":82,"column":17}}},"6":{"name":"(anonymous_6)","line":91,"loc":{"start":{"line":91,"column":77},"end":{"line":94,"column":10}}},"7":{"name":"(anonymous_7)","line":112,"loc":{"start":{"line":112,"column":83},"end":{"line":115,"column":10}},"skip":true},"8":{"name":"(anonymous_8)","line":123,"loc":{"start":{"line":123,"column":77},"end":{"line":126,"column":10}},"skip":true},"9":{"name":"(anonymous_9)","line":139,"loc":{"start":{"line":139,"column":12},"end":{"line":139,"column":40}},"skip":true},"10":{"name":"(anonymous_10)","line":147,"loc":{"start":{"line":147,"column":77},"end":{"line":150,"column":10}},"skip":true},"11":{"name":"(anonymous_11)","line":158,"loc":{"start":{"line":158,"column":83},"end":{"line":161,"column":10}},"skip":true},"12":{"name":"(anonymous_12)","line":169,"loc":{"start":{"line":169,"column":79},"end":{"line":172,"column":10}},"skip":true},"13":{"name":"(anonymous_13)","line":180,"loc":{"start":{"line":180,"column":75},"end":{"line":183,"column":10}},"skip":true}},"statementMap":{"1":{"start":{"line":12,"column":0},"end":{"line":195,"column":5}},"2":{"start":{"line":14,"column":4},"end":{"line":14,"column":14}},"3":{"start":{"line":19,"column":4},"end":{"line":56,"column":9}},"4":{"start":{"line":21,"column":8},"end":{"line":21,"column":19}},"5":{"start":{"line":23,"column":8},"end":{"line":35,"column":13}},"6":{"start":{"line":24,"column":12},"end":{"line":34,"column":13}},"7":{"start":{"line":25,"column":16},"end":{"line":28,"column":30}},"8":{"start":{"line":30,"column":16},"end":{"line":33,"column":27}},"9":{"start":{"line":37,"column":8},"end":{"line":39,"column":21}},"10":{"start":{"line":40,"column":8},"end":{"line":53,"column":9}},"11":{"start":{"line":43,"column":12},"end":{"line":46,"column":14}},"12":{"start":{"line":47,"column":12},"end":{"line":47,"column":18}},"13":{"start":{"line":50,"column":12},"end":{"line":51,"column":33}},"14":{"start":{"line":52,"column":12},"end":{"line":52,"column":18}},"15":{"start":{"line":55,"column":8},"end":{"line":55,"column":35}},"16":{"start":{"line":61,"column":4},"end":{"line":63,"column":9}},"17":{"start":{"line":62,"column":8},"end":{"line":62,"column":15}},"18":{"start":{"line":64,"column":4},"end":{"line":77,"column":5}},"19":{"start":{"line":70,"column":8},"end":{"line":70,"column":14}},"20":{"start":{"line":76,"column":8},"end":{"line":76,"column":14}},"21":{"start":{"line":82,"column":4},"end":{"line":84,"column":9}},"22":{"start":{"line":83,"column":8},"end":{"line":83,"column":15}},"23":{"start":{"line":85,"column":4},"end":{"line":194,"column":5}},"24":{"start":{"line":91,"column":8},"end":{"line":99,"column":10}},"25":{"start":{"line":98,"column":12},"end":{"line":98,"column":35}},"26":{"start":{"line":102,"column":8},"end":{"line":104,"column":63}},"27":{"start":{"line":105,"column":8},"end":{"line":105,"column":14}},"28":{"start":{"line":112,"column":8},"end":{"line":121,"column":10},"skip":true},"29":{"start":{"line":119,"column":12},"end":{"line":119,"column":55},"skip":true},"30":{"start":{"line":120,"column":12},"end":{"line":120,"column":48},"skip":true},"31":{"start":{"line":123,"column":8},"end":{"line":136,"column":10},"skip":true},"32":{"start":{"line":130,"column":12},"end":{"line":130,"column":76},"skip":true},"33":{"start":{"line":131,"column":12},"end":{"line":131,"column":73},"skip":true},"34":{"start":{"line":132,"column":12},"end":{"line":132,"column":74},"skip":true},"35":{"start":{"line":133,"column":12},"end":{"line":133,"column":79},"skip":true},"36":{"start":{"line":134,"column":12},"end":{"line":134,"column":25},"skip":true},"37":{"start":{"line":135,"column":12},"end":{"line":135,"column":45},"skip":true},"38":{"start":{"line":138,"column":8},"end":{"line":145,"column":14},"skip":true},"39":{"start":{"line":143,"column":16},"end":{"line":143,"column":29},"skip":true},"40":{"start":{"line":144,"column":16},"end":{"line":144,"column":55},"skip":true},"41":{"start":{"line":147,"column":8},"end":{"line":156,"column":10},"skip":true},"42":{"start":{"line":154,"column":12},"end":{"line":154,"column":25},"skip":true},"43":{"start":{"line":155,"column":12},"end":{"line":155,"column":45},"skip":true},"44":{"start":{"line":158,"column":8},"end":{"line":167,"column":10},"skip":true},"45":{"start":{"line":165,"column":12},"end":{"line":165,"column":25},"skip":true},"46":{"start":{"line":166,"column":12},"end":{"line":166,"column":48},"skip":true},"47":{"start":{"line":169,"column":8},"end":{"line":178,"column":10},"skip":true},"48":{"start":{"line":176,"column":12},"end":{"line":176,"column":25},"skip":true},"49":{"start":{"line":177,"column":12},"end":{"line":177,"column":46},"skip":true},"50":{"start":{"line":180,"column":8},"end":{"line":189,"column":10},"skip":true},"51":{"start":{"line":187,"column":12},"end":{"line":187,"column":94},"skip":true},"52":{"start":{"line":188,"column":12},"end":{"line":188,"column":48},"skip":true},"53":{"start":{"line":192,"column":8},"end":{"line":192,"column":35},"skip":true},"54":{"start":{"line":193,"column":8},"end":{"line":193,"column":14},"skip":true}},"branchMap":{"1":{"line":25,"type":"binary-expr","locations":[{"start":{"line":25,"column":23},"end":{"line":25,"column":62}},{"start":{"line":26,"column":20},"end":{"line":26,"column":70}},{"start":{"line":27,"column":20},"end":{"line":27,"column":71}},{"start":{"line":28,"column":20},"end":{"line":28,"column":29}}]},"2":{"line":30,"type":"binary-expr","locations":[{"start":{"line":30,"column":23},"end":{"line":30,"column":37}},{"start":{"line":31,"column":20},"end":{"line":31,"column":61}},{"start":{"line":32,"column":20},"end":{"line":32,"column":70}},{"start":{"line":33,"column":20},"end":{"line":33,"column":26}}]},"3":{"line":37,"type":"cond-expr","locations":[{"start":{"line":38,"column":14},"end":{"line":38,"column":20}},{"start":{"line":39,"column":14},"end":{"line":39,"column":20}}]},"4":{"line":40,"type":"switch","locations":[{"start":{"line":42,"column":8},"end":{"line":47,"column":18}},{"start":{"line":49,"column":8},"end":{"line":52,"column":18}}]},"5":{"line":44,"type":"binary-expr","locations":[{"start":{"line":44,"column":16},"end":{"line":44,"column":44}},{"start":{"line":44,"column":48},"end":{"line":44,"column":66}}]},"6":{"line":50,"type":"binary-expr","locations":[{"start":{"line":50,"column":21},"end":{"line":50,"column":49}},{"start":{"line":50,"column":53},"end":{"line":50,"column":72}}]},"7":{"line":64,"type":"switch","locations":[{"start":{"line":69,"column":4},"end":{"line":70,"column":14}},{"start":{"line":75,"column":4},"end":{"line":76,"column":14}}]},"8":{"line":85,"type":"switch","locations":[{"start":{"line":90,"column":4},"end":{"line":105,"column":14}},{"start":{"line":111,"column":4},"end":{"line":193,"column":14},"skip":true}]},"9":{"line":91,"type":"binary-expr","locations":[{"start":{"line":91,"column":42},"end":{"line":91,"column":73}},{"start":{"line":91,"column":77},"end":{"line":99,"column":9}}]},"10":{"line":102,"type":"binary-expr","locations":[{"start":{"line":102,"column":18},"end":{"line":102,"column":32}},{"start":{"line":103,"column":12},"end":{"line":103,"column":53}},{"start":{"line":104,"column":12},"end":{"line":104,"column":61}}]},"11":{"line":112,"type":"binary-expr","locations":[{"start":{"line":112,"column":45},"end":{"line":112,"column":79},"skip":true},{"start":{"line":112,"column":83},"end":{"line":121,"column":9},"skip":true}]},"12":{"line":123,"type":"binary-expr","locations":[{"start":{"line":123,"column":42},"end":{"line":123,"column":73},"skip":true},{"start":{"line":123,"column":77},"end":{"line":136,"column":9},"skip":true}]},"13":{"line":138,"type":"binary-expr","locations":[{"start":{"line":138,"column":48},"end":{"line":138,"column":85},"skip":true},{"start":{"line":139,"column":12},"end":{"line":145,"column":13},"skip":true}]},"14":{"line":147,"type":"binary-expr","locations":[{"start":{"line":147,"column":42},"end":{"line":147,"column":73},"skip":true},{"start":{"line":147,"column":77},"end":{"line":156,"column":9},"skip":true}]},"15":{"line":158,"type":"binary-expr","locations":[{"start":{"line":158,"column":45},"end":{"line":158,"column":79},"skip":true},{"start":{"line":158,"column":83},"end":{"line":167,"column":9},"skip":true}]},"16":{"line":169,"type":"binary-expr","locations":[{"start":{"line":169,"column":43},"end":{"line":169,"column":75},"skip":true},{"start":{"line":169,"column":79},"end":{"line":178,"column":9},"skip":true}]},"17":{"line":180,"type":"binary-expr","locations":[{"start":{"line":180,"column":41},"end":{"line":180,"column":71},"skip":true},{"start":{"line":180,"column":75},"end":{"line":189,"column":9},"skip":true}]}},"code":["/* istanbul instrument in package npmtest_foundation_cli */","/*jslint","    bitwise: true,","    browser: true,","    maxerr: 8,","    maxlen: 96,","    node: true,","    nomen: true,","    regexp: true,","    stupid: true","*/","(function () {","    'use strict';","    var local;","","","","    // run shared js-env code - pre-init","    (function () {","        // init local","        local = {};","        // init modeJs","        local.modeJs = (function () {","            try {","                return typeof navigator.userAgent === 'string' &&","                    typeof document.querySelector('body') === 'object' &&","                    typeof XMLHttpRequest.prototype.open === 'function' &&","                    'browser';","            } catch (errorCaughtBrowser) {","                return module.exports &&","                    typeof process.versions.node === 'string' &&","                    typeof require('http').createServer === 'function' &&","                    'node';","            }","        }());","        // init global","        local.global = local.modeJs === 'browser'","            ? window","            : global;","        switch (local.modeJs) {","        // re-init local from window.local","        case 'browser':","            local = local.global.utility2.objectSetDefault(","                local.global.utility2_rollup || local.global.local,","                local.global.utility2","            );","            break;","        // re-init local from example.js","        case 'node':","            local = (local.global.utility2_rollup || require('utility2'))","                .requireReadme();","            break;","        }","        // export local","        local.global.local = local;","    }());","","","","    // run shared js-env code - function","    (function () {","        return;","    }());","    switch (local.modeJs) {","","","","    // run browser js-env code - function","    case 'browser':","        break;","","","","    // run node js-env code - function","    case 'node':","        break;","    }","","","","    // run shared js-env code - post-init","    (function () {","        return;","    }());","    switch (local.modeJs) {","","","","    // run browser js-env code - post-init","    case 'browser':","        local.testCase_browser_nullCase = local.testCase_browser_nullCase || function (","            options,","            onError","        ) {","        /*","         * this function will test browsers's null-case handling-behavior-behavior","         */","            onError(null, options);","        };","","        // run tests","        local.nop(local.modeTest &&","            document.querySelector('#testRunButton1') &&","            document.querySelector('#testRunButton1').click());","        break;","","","","    // run node js-env code - post-init","    /* istanbul ignore next */","    case 'node':","        local.testCase_buildApidoc_default = local.testCase_buildApidoc_default || function (","            options,","            onError","        ) {","        /*","         * this function will test buildApidoc's default handling-behavior-behavior","         */","            options = { modulePathList: module.paths };","            local.buildApidoc(options, onError);","        };","","        local.testCase_buildApp_default = local.testCase_buildApp_default || function (","            options,","            onError","        ) {","        /*","         * this function will test buildApp's default handling-behavior-behavior","         */","            local.testCase_buildReadme_default(options, local.onErrorThrow);","            local.testCase_buildLib_default(options, local.onErrorThrow);","            local.testCase_buildTest_default(options, local.onErrorThrow);","            local.testCase_buildCustomOrg_default(options, local.onErrorThrow);","            options = [];","            local.buildApp(options, onError);","        };","","        local.testCase_buildCustomOrg_default = local.testCase_buildCustomOrg_default ||","            function (options, onError) {","            /*","             * this function will test buildCustomOrg's default handling-behavior","             */","                options = {};","                local.buildCustomOrg(options, onError);","            };","","        local.testCase_buildLib_default = local.testCase_buildLib_default || function (","            options,","            onError","        ) {","        /*","         * this function will test buildLib's default handling-behavior","         */","            options = {};","            local.buildLib(options, onError);","        };","","        local.testCase_buildReadme_default = local.testCase_buildReadme_default || function (","            options,","            onError","        ) {","        /*","         * this function will test buildReadme's default handling-behavior-behavior","         */","            options = {};","            local.buildReadme(options, onError);","        };","","        local.testCase_buildTest_default = local.testCase_buildTest_default || function (","            options,","            onError","        ) {","        /*","         * this function will test buildTest's default handling-behavior","         */","            options = {};","            local.buildTest(options, onError);","        };","","        local.testCase_webpage_default = local.testCase_webpage_default || function (","            options,","            onError","        ) {","        /*","         * this function will test webpage's default handling-behavior","         */","            options = { modeCoverageMerge: true, url: local.serverLocalHost + '?modeTest=1' };","            local.browserTest(options, onError);","        };","","        // run test-server","        local.testRunServer(local);","        break;","    }","}());",""],"l":{"12":2,"14":2,"19":2,"21":2,"23":2,"24":2,"25":2,"30":1,"37":2,"40":2,"43":1,"47":1,"50":1,"52":1,"55":2,"61":2,"62":2,"64":2,"70":1,"76":1,"82":2,"83":2,"85":2,"91":1,"98":1,"102":1,"105":1,"112":1,"119":1,"120":1,"123":1,"130":1,"131":1,"132":1,"133":1,"134":1,"135":1,"138":1,"143":2,"144":2,"147":1,"154":2,"155":2,"158":1,"165":2,"166":2,"169":1,"176":2,"177":2,"180":1,"187":1,"188":1,"192":1,"193":1}},"/home/travis/build/npmtest/node-npmtest-foundation-cli/lib.npmtest_foundation_cli.js":{"path":"/home/travis/build/npmtest/node-npmtest-foundation-cli/lib.npmtest_foundation_cli.js","s":{"1":2,"2":2,"3":2,"4":2,"5":2,"6":2,"7":2,"8":1,"9":2,"10":2,"11":2,"12":2,"13":1,"14":1,"15":1,"16":1},"b":{"1":[2,1,1,1],"2":[1,1,1,1],"3":[1,1],"4":[2,2],"5":[1,1]},"f":{"1":2,"2":2,"3":2},"fnMap":{"1":{"name":"(anonymous_1)","line":12,"loc":{"start":{"line":12,"column":1},"end":{"line":12,"column":13}}},"2":{"name":"(anonymous_2)","line":19,"loc":{"start":{"line":19,"column":5},"end":{"line":19,"column":17}}},"3":{"name":"(anonymous_3)","line":23,"loc":{"start":{"line":23,"column":24},"end":{"line":23,"column":36}}}},"statementMap":{"1":{"start":{"line":12,"column":0},"end":{"line":53,"column":5}},"2":{"start":{"line":14,"column":4},"end":{"line":14,"column":14}},"3":{"start":{"line":19,"column":4},"end":{"line":52,"column":9}},"4":{"start":{"line":21,"column":8},"end":{"line":21,"column":19}},"5":{"start":{"line":23,"column":8},"end":{"line":35,"column":13}},"6":{"start":{"line":24,"column":12},"end":{"line":34,"column":13}},"7":{"start":{"line":25,"column":16},"end":{"line":28,"column":30}},"8":{"start":{"line":30,"column":16},"end":{"line":33,"column":27}},"9":{"start":{"line":37,"column":8},"end":{"line":39,"column":21}},"10":{"start":{"line":41,"column":8},"end":{"line":41,"column":54}},"11":{"start":{"line":43,"column":8},"end":{"line":43,"column":59}},"12":{"start":{"line":45,"column":8},"end":{"line":51,"column":9}},"13":{"start":{"line":46,"column":12},"end":{"line":46,"column":65}},"14":{"start":{"line":48,"column":12},"end":{"line":48,"column":35}},"15":{"start":{"line":49,"column":12},"end":{"line":49,"column":49}},"16":{"start":{"line":50,"column":12},"end":{"line":50,"column":43}}},"branchMap":{"1":{"line":25,"type":"binary-expr","locations":[{"start":{"line":25,"column":23},"end":{"line":25,"column":62}},{"start":{"line":26,"column":20},"end":{"line":26,"column":70}},{"start":{"line":27,"column":20},"end":{"line":27,"column":71}},{"start":{"line":28,"column":20},"end":{"line":28,"column":29}}]},"2":{"line":30,"type":"binary-expr","locations":[{"start":{"line":30,"column":23},"end":{"line":30,"column":37}},{"start":{"line":31,"column":20},"end":{"line":31,"column":61}},{"start":{"line":32,"column":20},"end":{"line":32,"column":70}},{"start":{"line":33,"column":20},"end":{"line":33,"column":26}}]},"3":{"line":37,"type":"cond-expr","locations":[{"start":{"line":38,"column":14},"end":{"line":38,"column":20}},{"start":{"line":39,"column":14},"end":{"line":39,"column":20}}]},"4":{"line":41,"type":"binary-expr","locations":[{"start":{"line":41,"column":16},"end":{"line":41,"column":44}},{"start":{"line":41,"column":48},"end":{"line":41,"column":53}}]},"5":{"line":45,"type":"if","locations":[{"start":{"line":45,"column":8},"end":{"line":45,"column":8}},{"start":{"line":45,"column":8},"end":{"line":45,"column":8}}]}},"code":["/* istanbul instrument in package npmtest_foundation_cli */","/*jslint","    bitwise: true,","    browser: true,","    maxerr: 8,","    maxlen: 96,","    node: true,","    nomen: true,","    regexp: true,","    stupid: true","*/","(function () {","    'use strict';","    var local;","","","","    // run shared js-env code - pre-init","    (function () {","        // init local","        local = {};","        // init modeJs","        local.modeJs = (function () {","            try {","                return typeof navigator.userAgent === 'string' &&","                    typeof document.querySelector('body') === 'object' &&","                    typeof XMLHttpRequest.prototype.open === 'function' &&","                    'browser';","            } catch (errorCaughtBrowser) {","                return module.exports &&","                    typeof process.versions.node === 'string' &&","                    typeof require('http').createServer === 'function' &&","                    'node';","            }","        }());","        // init global","        local.global = local.modeJs === 'browser'","            ? window","            : global;","        // init utility2_rollup","        local = local.global.utility2_rollup || local;","        // init lib","        local.local = local.npmtest_foundation_cli = local;","        // init exports","        if (local.modeJs === 'browser') {","            local.global.utility2_npmtest_foundation_cli = local;","        } else {","            module.exports = local;","            module.exports.__dirname = __dirname;","            module.exports.module = module;","        }","    }());","}());",""],"l":{"12":2,"14":2,"19":2,"21":2,"23":2,"24":2,"25":2,"30":1,"37":2,"41":2,"43":2,"45":2,"46":1,"48":1,"49":1,"50":1}},"/home/travis/build/npmtest/node-npmtest-foundation-cli/example.js":{"path":"/home/travis/build/npmtest/node-npmtest-foundation-cli/example.js","s":{"1":2,"2":2,"3":2,"4":2,"5":2,"6":2,"7":2,"8":1,"9":2,"10":2,"11":2,"12":2,"13":1,"14":2,"15":2,"16":2,"17":2,"18":2,"19":0,"20":2,"21":1,"22":1,"23":1,"24":1,"25":1,"26":0,"27":0,"28":1,"29":1,"30":2,"31":0,"32":0,"33":0,"34":1,"35":2,"36":2,"37":3,"38":3,"39":3,"40":3,"41":0,"42":3,"43":3,"44":3,"45":1,"46":3,"47":1,"48":1,"49":1,"50":1,"51":1,"52":1,"53":1,"54":1,"55":1,"56":1,"57":0,"58":1,"59":6,"60":6,"61":1,"62":2,"63":0,"64":2,"65":1,"66":1,"67":0,"68":0,"69":0,"70":0,"71":0,"72":0,"73":0,"74":0,"75":0,"76":0,"77":0,"78":0,"79":0,"80":0,"81":0,"82":0,"83":0},"b":{"1":[2,1,1,1],"2":[1,1,1,1],"3":[1,1],"4":[2,2],"5":[1,1],"6":[1,1],"7":[2,0],"8":[2,1,1,1,1,1],"9":[0,2,0],"10":[1,1],"11":[2,1,1],"12":[1,0],"13":[0,2],"14":[2,0,0,0,0,0,0],"15":[0,3],"16":[3,0],"17":[1,1],"18":[0,1],"19":[1,2,0,2],"20":[1,0],"21":[1,1],"22":[0,0],"23":[0,0],"24":[0,0],"25":[0,0],"26":[0,0],"27":[0,0],"28":[0,0]},"f":{"1":2,"2":2,"3":2,"4":2,"5":2,"6":2,"7":3,"8":3,"9":3,"10":1,"11":6,"12":0},"fnMap":{"1":{"name":"(anonymous_1)","line":26,"loc":{"start":{"line":26,"column":1},"end":{"line":26,"column":13}}},"2":{"name":"(anonymous_2)","line":33,"loc":{"start":{"line":33,"column":5},"end":{"line":33,"column":17}}},"3":{"name":"(anonymous_3)","line":37,"loc":{"start":{"line":37,"column":24},"end":{"line":37,"column":36}}},"4":{"name":"(anonymous_4)","line":69,"loc":{"start":{"line":69,"column":31},"end":{"line":69,"column":48}},"skip":true},"5":{"name":"(anonymous_5)","line":78,"loc":{"start":{"line":78,"column":26},"end":{"line":78,"column":45}},"skip":true},"6":{"name":"(anonymous_6)","line":123,"loc":{"start":{"line":123,"column":33},"end":{"line":123,"column":48}},"skip":true},"7":{"name":"(anonymous_7)","line":125,"loc":{"start":{"line":125,"column":27},"end":{"line":125,"column":39}},"skip":true},"8":{"name":"(anonymous_8)","line":133,"loc":{"start":{"line":133,"column":59},"end":{"line":133,"column":74}},"skip":true},"9":{"name":"(anonymous_9)","line":143,"loc":{"start":{"line":143,"column":45},"end":{"line":143,"column":62}},"skip":true},"10":{"name":"(anonymous_10)","line":144,"loc":{"start":{"line":144,"column":73},"end":{"line":144,"column":92}},"skip":true},"11":{"name":"(anonymous_11)","line":272,"loc":{"start":{"line":272,"column":51},"end":{"line":272,"column":77}},"skip":true},"12":{"name":"(anonymous_12)","line":315,"loc":{"start":{"line":315,"column":32},"end":{"line":315,"column":61}},"skip":true}},"statementMap":{"1":{"start":{"line":26,"column":0},"end":{"line":326,"column":5}},"2":{"start":{"line":28,"column":4},"end":{"line":28,"column":14}},"3":{"start":{"line":33,"column":4},"end":{"line":60,"column":9}},"4":{"start":{"line":35,"column":8},"end":{"line":35,"column":19}},"5":{"start":{"line":37,"column":8},"end":{"line":49,"column":13}},"6":{"start":{"line":38,"column":12},"end":{"line":48,"column":13}},"7":{"start":{"line":39,"column":16},"end":{"line":42,"column":30}},"8":{"start":{"line":44,"column":16},"end":{"line":47,"column":27}},"9":{"start":{"line":51,"column":8},"end":{"line":53,"column":21}},"10":{"start":{"line":55,"column":8},"end":{"line":57,"column":45}},"11":{"start":{"line":59,"column":8},"end":{"line":59,"column":35}},"12":{"start":{"line":61,"column":4},"end":{"line":325,"column":5}},"13":{"start":{"line":69,"column":8},"end":{"line":121,"column":10},"skip":true},"14":{"start":{"line":70,"column":12},"end":{"line":88,"column":13},"skip":true},"15":{"start":{"line":76,"column":16},"end":{"line":87,"column":19},"skip":true},"16":{"start":{"line":79,"column":20},"end":{"line":86,"column":21},"skip":true},"17":{"start":{"line":82,"column":24},"end":{"line":82,"column":43},"skip":true},"18":{"start":{"line":83,"column":24},"end":{"line":83,"column":30},"skip":true},"19":{"start":{"line":85,"column":24},"end":{"line":85,"column":49},"skip":true},"20":{"start":{"line":89,"column":12},"end":{"line":107,"column":13},"skip":true},"21":{"start":{"line":92,"column":16},"end":{"line":102,"column":17},"skip":true},"22":{"start":{"line":93,"column":20},"end":{"line":93,"column":86},"skip":true},"23":{"start":{"line":94,"column":20},"end":{"line":95,"column":45},"skip":true},"24":{"start":{"line":96,"column":20},"end":{"line":96,"column":42},"skip":true},"25":{"start":{"line":97,"column":20},"end":{"line":97,"column":48},"skip":true},"26":{"start":{"line":100,"column":20},"end":{"line":100,"column":85},"skip":true},"27":{"start":{"line":101,"column":20},"end":{"line":101,"column":96},"skip":true},"28":{"start":{"line":103,"column":16},"end":{"line":103,"column":22},"skip":true},"29":{"start":{"line":106,"column":16},"end":{"line":106,"column":22},"skip":true},"30":{"start":{"line":108,"column":12},"end":{"line":120,"column":13},"skip":true},"31":{"start":{"line":114,"column":16},"end":{"line":119,"column":17},"skip":true},"32":{"start":{"line":116,"column":20},"end":{"line":116,"column":78},"skip":true},"33":{"start":{"line":118,"column":20},"end":{"line":118,"column":47},"skip":true},"34":{"start":{"line":123,"column":8},"end":{"line":141,"column":11},"skip":true},"35":{"start":{"line":124,"column":12},"end":{"line":124,"column":54},"skip":true},"36":{"start":{"line":125,"column":12},"end":{"line":140,"column":14},"skip":true},"37":{"start":{"line":126,"column":16},"end":{"line":126,"column":28},"skip":true},"38":{"start":{"line":127,"column":16},"end":{"line":127,"column":69},"skip":true},"39":{"start":{"line":128,"column":16},"end":{"line":128,"column":75},"skip":true},"40":{"start":{"line":129,"column":16},"end":{"line":131,"column":17},"skip":true},"41":{"start":{"line":130,"column":20},"end":{"line":130,"column":27},"skip":true},"42":{"start":{"line":133,"column":16},"end":{"line":137,"column":36},"skip":true},"43":{"start":{"line":134,"column":20},"end":{"line":136,"column":55},"skip":true},"44":{"start":{"line":139,"column":16},"end":{"line":139,"column":57},"skip":true},"45":{"start":{"line":143,"column":8},"end":{"line":147,"column":11},"skip":true},"46":{"start":{"line":144,"column":12},"end":{"line":146,"column":15},"skip":true},"47":{"start":{"line":145,"column":16},"end":{"line":145,"column":70},"skip":true},"48":{"start":{"line":149,"column":8},"end":{"line":149,"column":31},"skip":true},"49":{"start":{"line":150,"column":8},"end":{"line":150,"column":14},"skip":true},"50":{"start":{"line":158,"column":8},"end":{"line":158,"column":31},"skip":true},"51":{"start":{"line":160,"column":8},"end":{"line":160,"column":33},"skip":true},"52":{"start":{"line":161,"column":8},"end":{"line":161,"column":37},"skip":true},"53":{"start":{"line":162,"column":8},"end":{"line":162,"column":35},"skip":true},"54":{"start":{"line":164,"column":8},"end":{"line":164,"column":50},"skip":true},"55":{"start":{"line":166,"column":8},"end":{"line":256,"column":2},"skip":true},"56":{"start":{"line":258,"column":8},"end":{"line":286,"column":9},"skip":true},"57":{"start":{"line":259,"column":12},"end":{"line":269,"column":14},"skip":true},"58":{"start":{"line":271,"column":12},"end":{"line":285,"column":19},"skip":true},"59":{"start":{"line":274,"column":20},"end":{"line":274,"column":35},"skip":true},"60":{"start":{"line":275,"column":20},"end":{"line":284,"column":21},"skip":true},"61":{"start":{"line":277,"column":24},"end":{"line":277,"column":64},"skip":true},"62":{"start":{"line":279,"column":24},"end":{"line":279,"column":40},"skip":true},"63":{"start":{"line":281,"column":24},"end":{"line":281,"column":40},"skip":true},"64":{"start":{"line":283,"column":24},"end":{"line":283,"column":39},"skip":true},"65":{"start":{"line":288,"column":8},"end":{"line":290,"column":9},"skip":true},"66":{"start":{"line":289,"column":12},"end":{"line":289,"column":18},"skip":true},"67":{"start":{"line":291,"column":8},"end":{"line":293,"column":54},"skip":true},"68":{"start":{"line":296,"column":8},"end":{"line":301,"column":37},"skip":true},"69":{"start":{"line":303,"column":8},"end":{"line":303,"column":82},"skip":true},"70":{"start":{"line":306,"column":8},"end":{"line":308,"column":9},"skip":true},"71":{"start":{"line":307,"column":12},"end":{"line":307,"column":82},"skip":true},"72":{"start":{"line":310,"column":8},"end":{"line":312,"column":9},"skip":true},"73":{"start":{"line":311,"column":12},"end":{"line":311,"column":18},"skip":true},"74":{"start":{"line":313,"column":8},"end":{"line":313,"column":54},"skip":true},"75":{"start":{"line":314,"column":8},"end":{"line":314,"column":69},"skip":true},"76":{"start":{"line":315,"column":8},"end":{"line":323,"column":36},"skip":true},"77":{"start":{"line":316,"column":12},"end":{"line":316,"column":61},"skip":true},"78":{"start":{"line":317,"column":12},"end":{"line":320,"column":13},"skip":true},"79":{"start":{"line":318,"column":16},"end":{"line":318,"column":75},"skip":true},"80":{"start":{"line":319,"column":16},"end":{"line":319,"column":23},"skip":true},"81":{"start":{"line":321,"column":12},"end":{"line":321,"column":38},"skip":true},"82":{"start":{"line":322,"column":12},"end":{"line":322,"column":27},"skip":true},"83":{"start":{"line":324,"column":8},"end":{"line":324,"column":14},"skip":true}},"branchMap":{"1":{"line":39,"type":"binary-expr","locations":[{"start":{"line":39,"column":23},"end":{"line":39,"column":62}},{"start":{"line":40,"column":20},"end":{"line":40,"column":70}},{"start":{"line":41,"column":20},"end":{"line":41,"column":71}},{"start":{"line":42,"column":20},"end":{"line":42,"column":29}}]},"2":{"line":44,"type":"binary-expr","locations":[{"start":{"line":44,"column":23},"end":{"line":44,"column":37}},{"start":{"line":45,"column":20},"end":{"line":45,"column":61}},{"start":{"line":46,"column":20},"end":{"line":46,"column":70}},{"start":{"line":47,"column":20},"end":{"line":47,"column":26}}]},"3":{"line":51,"type":"cond-expr","locations":[{"start":{"line":52,"column":14},"end":{"line":52,"column":20}},{"start":{"line":53,"column":14},"end":{"line":53,"column":20}}]},"4":{"line":55,"type":"binary-expr","locations":[{"start":{"line":55,"column":16},"end":{"line":55,"column":44}},{"start":{"line":55,"column":49},"end":{"line":57,"column":43}}]},"5":{"line":55,"type":"cond-expr","locations":[{"start":{"line":56,"column":14},"end":{"line":56,"column":58}},{"start":{"line":57,"column":14},"end":{"line":57,"column":43}}]},"6":{"line":61,"type":"switch","locations":[{"start":{"line":68,"column":4},"end":{"line":150,"column":14},"skip":true},{"start":{"line":156,"column":4},"end":{"line":324,"column":14},"skip":true}]},"7":{"line":70,"type":"if","locations":[{"start":{"line":70,"column":12},"end":{"line":70,"column":12},"skip":true},{"start":{"line":70,"column":12},"end":{"line":70,"column":12},"skip":true}]},"8":{"line":70,"type":"binary-expr","locations":[{"start":{"line":70,"column":16},"end":{"line":70,"column":22},"skip":true},{"start":{"line":70,"column":27},"end":{"line":70,"column":32},"skip":true},{"start":{"line":71,"column":20},"end":{"line":71,"column":39},"skip":true},{"start":{"line":72,"column":20},"end":{"line":72,"column":49},"skip":true},{"start":{"line":73,"column":20},"end":{"line":73,"column":58},"skip":true},{"start":{"line":74,"column":20},"end":{"line":74,"column":69},"skip":true}]},"9":{"line":79,"type":"switch","locations":[{"start":{"line":80,"column":20},"end":{"line":80,"column":33},"skip":true},{"start":{"line":81,"column":20},"end":{"line":83,"column":30},"skip":true},{"start":{"line":84,"column":20},"end":{"line":85,"column":49},"skip":true}]},"10":{"line":89,"type":"switch","locations":[{"start":{"line":90,"column":12},"end":{"line":103,"column":22},"skip":true},{"start":{"line":105,"column":12},"end":{"line":106,"column":22},"skip":true}]},"11":{"line":89,"type":"binary-expr","locations":[{"start":{"line":89,"column":20},"end":{"line":89,"column":25},"skip":true},{"start":{"line":89,"column":29},"end":{"line":89,"column":48},"skip":true},{"start":{"line":89,"column":52},"end":{"line":89,"column":74},"skip":true}]},"12":{"line":92,"type":"if","locations":[{"start":{"line":92,"column":16},"end":{"line":92,"column":16},"skip":true},{"start":{"line":92,"column":16},"end":{"line":92,"column":16},"skip":true}]},"13":{"line":108,"type":"if","locations":[{"start":{"line":108,"column":12},"end":{"line":108,"column":12},"skip":true},{"start":{"line":108,"column":12},"end":{"line":108,"column":12},"skip":true}]},"14":{"line":108,"type":"binary-expr","locations":[{"start":{"line":108,"column":16},"end":{"line":108,"column":61},"skip":true},{"start":{"line":108,"column":66},"end":{"line":108,"column":72},"skip":true},{"start":{"line":108,"column":77},"end":{"line":108,"column":82},"skip":true},{"start":{"line":109,"column":20},"end":{"line":109,"column":39},"skip":true},{"start":{"line":110,"column":20},"end":{"line":110,"column":49},"skip":true},{"start":{"line":111,"column":20},"end":{"line":111,"column":58},"skip":true},{"start":{"line":112,"column":20},"end":{"line":112,"column":68},"skip":true}]},"15":{"line":129,"type":"if","locations":[{"start":{"line":129,"column":16},"end":{"line":129,"column":16},"skip":true},{"start":{"line":129,"column":16},"end":{"line":129,"column":16},"skip":true}]},"16":{"line":134,"type":"cond-expr","locations":[{"start":{"line":135,"column":26},"end":{"line":135,"column":29},"skip":true},{"start":{"line":136,"column":26},"end":{"line":136,"column":54},"skip":true}]},"17":{"line":164,"type":"binary-expr","locations":[{"start":{"line":164,"column":27},"end":{"line":164,"column":43},"skip":true},{"start":{"line":164,"column":47},"end":{"line":164,"column":49},"skip":true}]},"18":{"line":258,"type":"if","locations":[{"start":{"line":258,"column":8},"end":{"line":258,"column":8},"skip":true},{"start":{"line":258,"column":8},"end":{"line":258,"column":8},"skip":true}]},"19":{"line":275,"type":"switch","locations":[{"start":{"line":276,"column":20},"end":{"line":277,"column":64},"skip":true},{"start":{"line":278,"column":20},"end":{"line":279,"column":40},"skip":true},{"start":{"line":280,"column":20},"end":{"line":281,"column":40},"skip":true},{"start":{"line":282,"column":20},"end":{"line":283,"column":39},"skip":true}]},"20":{"line":288,"type":"if","locations":[{"start":{"line":288,"column":8},"end":{"line":288,"column":8},"skip":true},{"start":{"line":288,"column":8},"end":{"line":288,"column":8},"skip":true}]},"21":{"line":288,"type":"binary-expr","locations":[{"start":{"line":288,"column":12},"end":{"line":288,"column":40},"skip":true},{"start":{"line":288,"column":44},"end":{"line":288,"column":67},"skip":true}]},"22":{"line":292,"type":"binary-expr","locations":[{"start":{"line":292,"column":12},"end":{"line":292,"column":50},"skip":true},{"start":{"line":293,"column":12},"end":{"line":293,"column":53},"skip":true}]},"23":{"line":297,"type":"binary-expr","locations":[{"start":{"line":297,"column":12},"end":{"line":297,"column":72},"skip":true},{"start":{"line":298,"column":12},"end":{"line":301,"column":36},"skip":true}]},"24":{"line":303,"type":"binary-expr","locations":[{"start":{"line":303,"column":43},"end":{"line":303,"column":75},"skip":true},{"start":{"line":303,"column":79},"end":{"line":303,"column":81},"skip":true}]},"25":{"line":306,"type":"if","locations":[{"start":{"line":306,"column":8},"end":{"line":306,"column":8},"skip":true},{"start":{"line":306,"column":8},"end":{"line":306,"column":8},"skip":true}]},"26":{"line":310,"type":"if","locations":[{"start":{"line":310,"column":8},"end":{"line":310,"column":8},"skip":true},{"start":{"line":310,"column":8},"end":{"line":310,"column":8},"skip":true}]},"27":{"line":313,"type":"binary-expr","locations":[{"start":{"line":313,"column":27},"end":{"line":313,"column":43},"skip":true},{"start":{"line":313,"column":47},"end":{"line":313,"column":53},"skip":true}]},"28":{"line":317,"type":"if","locations":[{"start":{"line":317,"column":12},"end":{"line":317,"column":12},"skip":true},{"start":{"line":317,"column":12},"end":{"line":317,"column":12},"skip":true}]}},"code":["/*","example.js","","quickstart example","","instruction","    1. save this script as example.js","    2. run the shell command:","        $ npm install npmtest-foundation-cli && PORT=8081 node example.js","    3. play with the browser-demo on http://127.0.0.1:8081","*/","","","","/* istanbul instrument in package npmtest_foundation_cli */","/*jslint","    bitwise: true,","    browser: true,","    maxerr: 8,","    maxlen: 96,","    node: true,","    nomen: true,","    regexp: true,","    stupid: true","*/","(function () {","    'use strict';","    var local;","","","","    // run shared js-env code - pre-init","    (function () {","        // init local","        local = {};","        // init modeJs","        local.modeJs = (function () {","            try {","                return typeof navigator.userAgent === 'string' &&","                    typeof document.querySelector('body') === 'object' &&","                    typeof XMLHttpRequest.prototype.open === 'function' &&","                    'browser';","            } catch (errorCaughtBrowser) {","                return module.exports &&","                    typeof process.versions.node === 'string' &&","                    typeof require('http').createServer === 'function' &&","                    'node';","            }","        }());","        // init global","        local.global = local.modeJs === 'browser'","            ? window","            : global;","        // init utility2_rollup","        local = local.global.utility2_rollup || (local.modeJs === 'browser'","            ? local.global.utility2_npmtest_foundation_cli","            : global.utility2_moduleExports);","        // export local","        local.global.local = local;","    }());","    switch (local.modeJs) {","","","","    // post-init","    // run browser js-env code - post-init","    /* istanbul ignore next */","    case 'browser':","        local.testRunBrowser = function (event) {","            if (!event || (event &&","                    event.currentTarget &&","                    event.currentTarget.className &&","                    event.currentTarget.className.includes &&","                    event.currentTarget.className.includes('onreset'))) {","                // reset output","                Array.from(","                    document.querySelectorAll('body > .resettable')","                ).forEach(function (element) {","                    switch (element.tagName) {","                    case 'INPUT':","                    case 'TEXTAREA':","                        element.value = '';","                        break;","                    default:","                        element.textContent = '';","                    }","                });","            }","            switch (event && event.currentTarget && event.currentTarget.id) {","            case 'testRunButton1':","                // show tests","                if (document.querySelector('#testReportDiv1').style.display === 'none') {","                    document.querySelector('#testReportDiv1').style.display = 'block';","                    document.querySelector('#testRunButton1').textContent =","                        'hide internal test';","                    local.modeTest = true;","                    local.testRunDefault(local);","                // hide tests","                } else {","                    document.querySelector('#testReportDiv1').style.display = 'none';","                    document.querySelector('#testRunButton1').textContent = 'run internal test';","                }","                break;","            // custom-case","            default:","                break;","            }","            if (document.querySelector('#inputTextareaEval1') && (!event || (event &&","                    event.currentTarget &&","                    event.currentTarget.className &&","                    event.currentTarget.className.includes &&","                    event.currentTarget.className.includes('oneval')))) {","                // try to eval input-code","                try {","                    /*jslint evil: true*/","                    eval(document.querySelector('#inputTextareaEval1').value);","                } catch (errorCaught) {","                    console.error(errorCaught);","                }","            }","        };","        // log stderr and stdout to #outputTextareaStdout1","        ['error', 'log'].forEach(function (key) {","            console[key + '_original'] = console[key];","            console[key] = function () {","                var element;","                console[key + '_original'].apply(console, arguments);","                element = document.querySelector('#outputTextareaStdout1');","                if (!element) {","                    return;","                }","                // append text to #outputTextareaStdout1","                element.value += Array.from(arguments).map(function (arg) {","                    return typeof arg === 'string'","                        ? arg","                        : JSON.stringify(arg, null, 4);","                }).join(' ') + '\\n';","                // scroll textarea to bottom","                element.scrollTop = element.scrollHeight;","            };","        });","        // init event-handling","        ['change', 'click', 'keyup'].forEach(function (event) {","            Array.from(document.querySelectorAll('.on' + event)).forEach(function (element) {","                element.addEventListener(event, local.testRunBrowser);","            });","        });","        // run tests","        local.testRunBrowser();","        break;","","","","    // run node js-env code - post-init","    /* istanbul ignore next */","    case 'node':","        // export local","        module.exports = local;","        // require modules","        local.fs = require('fs');","        local.http = require('http');","        local.url = require('url');","        // init assets","        local.assetsDict = local.assetsDict || {};","        /* jslint-ignore-begin */","        local.assetsDict['/assets.index.template.html'] = '\\","<!doctype html>\\n\\","<html lang=\"en\">\\n\\","<head>\\n\\","<meta charset=\"UTF-8\">\\n\\","<meta name=\"viewport\" content=\"width=device-width, initial-scale=1\">\\n\\","<title>{{env.npm_package_name}} (v{{env.npm_package_version}})</title>\\n\\","<style>\\n\\","/*csslint\\n\\","    box-sizing: false,\\n\\","    universal-selector: false\\n\\","*/\\n\\","* {\\n\\","    box-sizing: border-box;\\n\\","}\\n\\","body {\\n\\","    background: #dde;\\n\\","    font-family: Arial, Helvetica, sans-serif;\\n\\","    margin: 2rem;\\n\\","}\\n\\","body > * {\\n\\","    margin-bottom: 1rem;\\n\\","}\\n\\",".utility2FooterDiv {\\n\\","    margin-top: 20px;\\n\\","    text-align: center;\\n\\","}\\n\\","</style>\\n\\","<style>\\n\\","/*csslint\\n\\","*/\\n\\","textarea {\\n\\","    font-family: monospace;\\n\\","    height: 10rem;\\n\\","    width: 100%;\\n\\","}\\n\\","textarea[readonly] {\\n\\","    background: #ddd;\\n\\","}\\n\\","</style>\\n\\","</head>\\n\\","<body>\\n\\","<!-- utility2-comment\\n\\","<div id=\"ajaxProgressDiv1\" style=\"background: #d00; height: 2px; left: 0; margin: 0; padding: 0; position: fixed; top: 0; transition: background 0.5s, width 1.5s; width: 25%;\"></div>\\n\\","utility2-comment -->\\n\\","<h1>\\n\\","<!-- utility2-comment\\n\\","    <a\\n\\","        {{#if env.npm_package_homepage}}\\n\\","        href=\"{{env.npm_package_homepage}}\"\\n\\","        {{/if env.npm_package_homepage}}\\n\\","        target=\"_blank\"\\n\\","    >\\n\\","utility2-comment -->\\n\\","        {{env.npm_package_name}} (v{{env.npm_package_version}})\\n\\","<!-- utility2-comment\\n\\","    </a>\\n\\","utility2-comment -->\\n\\","</h1>\\n\\","<h3>{{env.npm_package_description}}</h3>\\n\\","<!-- utility2-comment\\n\\","<h4><a download href=\"assets.app.js\">download standalone app</a></h4>\\n\\","<button class=\"onclick onreset\" id=\"testRunButton1\">run internal test</button><br>\\n\\","<div id=\"testReportDiv1\" style=\"display: none;\"></div>\\n\\","utility2-comment -->\\n\\","\\n\\","\\n\\","\\n\\","<label>stderr and stdout</label>\\n\\","<textarea class=\"resettable\" id=\"outputTextareaStdout1\" readonly></textarea>\\n\\","<!-- utility2-comment\\n\\","{{#if isRollup}}\\n\\","<script src=\"assets.app.js\"></script>\\n\\","{{#unless isRollup}}\\n\\","utility2-comment -->\\n\\","<script src=\"assets.utility2.rollup.js\"></script>\\n\\","<script src=\"jsonp.utility2._stateInit?callback=window.utility2._stateInit\"></script>\\n\\","<script src=\"assets.npmtest_foundation_cli.rollup.js\"></script>\\n\\","<script src=\"assets.example.js\"></script>\\n\\","<script src=\"assets.test.js\"></script>\\n\\","<!-- utility2-comment\\n\\","{{/if isRollup}}\\n\\","utility2-comment -->\\n\\","<div class=\"utility2FooterDiv\">\\n\\","    [ this app was created with\\n\\","    <a href=\"https://github.com/kaizhu256/node-utility2\" target=\"_blank\">utility2</a>\\n\\","    ]\\n\\","</div>\\n\\","</body>\\n\\","</html>\\n\\","';","        /* jslint-ignore-end */","        if (local.templateRender) {","            local.assetsDict['/'] = local.templateRender(","                local.assetsDict['/assets.index.template.html'],","                {","                    env: local.objectSetDefault(local.env, {","                        npm_package_description: 'the greatest app in the world!',","                        npm_package_name: 'my-app',","                        npm_package_nameAlias: 'my_app',","                        npm_package_version: '0.0.1'","                    })","                }","            );","        } else {","            local.assetsDict['/'] = local.assetsDict['/assets.index.template.html']","                .replace((/\\{\\{env\\.(\\w+?)\\}\\}/g), function (match0, match1) {","                    // jslint-hack","                    String(match0);","                    switch (match1) {","                    case 'npm_package_description':","                        return 'the greatest app in the world!';","                    case 'npm_package_name':","                        return 'my-app';","                    case 'npm_package_nameAlias':","                        return 'my_app';","                    case 'npm_package_version':","                        return '0.0.1';","                    }","                });","        }","        // run the cli","        if (local.global.utility2_rollup || module !== require.main) {","            break;","        }","        local.assetsDict['/assets.example.js'] =","            local.assetsDict['/assets.example.js'] ||","            local.fs.readFileSync(__filename, 'utf8');","        // bug-workaround - long $npm_package_buildCustomOrg","        /* jslint-ignore-begin */","        local.assetsDict['/assets.npmtest_foundation_cli.rollup.js'] =","            local.assetsDict['/assets.npmtest_foundation_cli.rollup.js'] ||","            local.fs.readFileSync(","                local.npmtest_foundation_cli.__dirname + '/lib.npmtest_foundation_cli.js',","                'utf8'","            ).replace((/^#!/), '//');","        /* jslint-ignore-end */","        local.assetsDict['/favicon.ico'] = local.assetsDict['/favicon.ico'] || '';","        // if $npm_config_timeout_exit exists,","        // then exit this process after $npm_config_timeout_exit ms","        if (Number(process.env.npm_config_timeout_exit)) {","            setTimeout(process.exit, Number(process.env.npm_config_timeout_exit));","        }","        // start server","        if (local.global.utility2_serverHttp1) {","            break;","        }","        process.env.PORT = process.env.PORT || '8081';","        console.error('server starting on port ' + process.env.PORT);","        local.http.createServer(function (request, response) {","            request.urlParsed = local.url.parse(request.url);","            if (local.assetsDict[request.urlParsed.pathname] !== undefined) {","                response.end(local.assetsDict[request.urlParsed.pathname]);","                return;","            }","            response.statusCode = 404;","            response.end();","        }).listen(process.env.PORT);","        break;","    }","}());",""],"l":{"26":2,"28":2,"33":2,"35":2,"37":2,"38":2,"39":2,"44":1,"51":2,"55":2,"59":2,"61":2,"69":1,"70":2,"76":2,"79":2,"82":2,"83":2,"85":1,"89":2,"92":1,"93":1,"94":1,"96":1,"97":1,"100":1,"101":1,"103":1,"106":1,"108":2,"114":1,"116":1,"118":1,"123":1,"124":2,"125":2,"126":3,"127":3,"128":3,"129":3,"130":1,"133":3,"134":3,"139":3,"143":1,"144":3,"145":1,"149":1,"150":1,"158":1,"160":1,"161":1,"162":1,"164":1,"166":1,"258":1,"259":1,"271":1,"274":6,"275":6,"277":1,"279":2,"281":1,"283":2,"288":1,"289":1,"291":1,"296":1,"303":1,"306":1,"307":1,"310":1,"311":1,"313":1,"314":1,"315":1,"316":1,"317":1,"318":1,"319":1,"321":1,"322":1,"324":1}},"/home/travis/build/npmtest/node-npmtest-foundation-cli/node_modules/foundation-cli/lib/index.js":{"path":"/home/travis/build/npmtest/node-npmtest-foundation-cli/node_modules/foundation-cli/lib/index.js","s":{"1":6},"b":{},"f":{},"fnMap":{},"statementMap":{"1":{"start":{"line":1,"column":0},"end":{"line":9,"column":1}}},"branchMap":{},"code":["module.exports = {","  help: require('./commands/help'),","  new: require('./commands/new'),","  update: require('./commands/update'),","  watch: require('./commands/watch'),","  build: require('./commands/build'),","  blocks: require('./commands/blocks'),","  kits: require('./commands/kits')","}",""],"l":{"1":6}},"/home/travis/build/npmtest/node-npmtest-foundation-cli/node_modules/foundation-cli/lib/commands/help.js":{"path":"/home/travis/build/npmtest/node-npmtest-foundation-cli/node_modules/foundation-cli/lib/commands/help.js","s":{"1":1,"2":1,"3":1,"4":0,"5":0,"6":0,"7":0,"8":0,"9":0},"b":{"1":[0,0],"2":[0,0]},"f":{"1":0},"fnMap":{"1":{"name":"(anonymous_1)","line":79,"loc":{"start":{"line":79,"column":17},"end":{"line":79,"column":41}}}},"statementMap":{"1":{"start":{"line":1,"column":0},"end":{"line":1,"column":31}},"2":{"start":{"line":3,"column":0},"end":{"line":77,"column":1}},"3":{"start":{"line":79,"column":0},"end":{"line":90,"column":1}},"4":{"start":{"line":80,"column":2},"end":{"line":80,"column":10}},"5":{"start":{"line":81,"column":2},"end":{"line":85,"column":3}},"6":{"start":{"line":82,"column":4},"end":{"line":82,"column":19}},"7":{"start":{"line":84,"column":4},"end":{"line":84,"column":17}},"8":{"start":{"line":87,"column":2},"end":{"line":87,"column":48}},"9":{"start":{"line":89,"column":2},"end":{"line":89,"column":28}}},"branchMap":{"1":{"line":81,"type":"if","locations":[{"start":{"line":81,"column":2},"end":{"line":81,"column":2}},{"start":{"line":81,"column":2},"end":{"line":81,"column":2}}]},"2":{"line":81,"type":"binary-expr","locations":[{"start":{"line":81,"column":6},"end":{"line":81,"column":33}},{"start":{"line":81,"column":37},"end":{"line":81,"column":54}}]}},"code":["var colors = require('colors');","","var helpText = {","  // Each command is an array of strings","  // To print the command, the array is joined into one string, and a line break is added","  // between each item. Basically, each comma you see becomes a line break.","  'default': [","    'Commands:',","    '  new'.cyan + '       Create a new Foundation project',","    '  update'.cyan + '    Update an existing Foundation project',","    '  watch'.cyan + '     Watch a project\\'s files for changes',","    '  build'.cyan + '     Build a project\\'s files for production',","    '  blocks'.cyan + '    List and install building blocks',","    '  kits'.cyan + '      List and install building block kits',","    '  help'.cyan + '      Show this screen',","    '  -v'.cyan + '        Display the CLI\\'s version',","    '',","    'To learn more about a specific command, type ' + 'foundation help <command>'.cyan,","    '',","    'Need more help? Ask a question on the Foundation Forum: ' + 'foundation.zurb.com/forum'.cyan","  ],","  'new': [","    'Usage:',","    '  foundation new ',","    '  foundation new ' + '--framework sites',","    '  foundation new ' + '--template basic',","    '  foundation new ' + '--directory appname',","    '',","    'Creates a new Foundation project.',","    'Run the command without any flags to get an interactive setup prompt.',","    'You can also manually supply the framework and folder name using the ' + '--framework'.cyan + ' and ' + '--directory'.cyan + ' flags.',","    '  If creating a ' + 'sites'.cyan + ' project, add the ' + '--template'.cyan + ' flag as well. The value can be ' + 'basic'.cyan + ' or ' + 'zurb'.cyan + '.'","  ],","  'update': [","    'Usage:',","    '  foundation update',","    '',","    'Updates an existing Foundation project by running \"bower update\".'","  ],","  'watch': [","    'Usage:',","    '  foundation watch',","    '',","    'Assembles your app\\'s files and watches for any new changes to the files.',","    'Keep this command running while you work on your project.'","  ],","  'build': [","    'Usage:',","    '  foundation build',","    '',","    'Assembles your app\\'s files into a production-ready build.'","  ],","  'help': [","    'Okay, don\\'t get clever. But seriously:',","    '',","    'Usage:',","    '  foundation help',","    '  foundation help <command>',","    '',","    'Type ' + 'foundation help'.cyan + ' to see a list of every command,',","    'or ' + 'foundation help <command>'.cyan + ' to learn how a specific command works.'","  ],","  'blocks': [","    'Usage:',","    '  foundation blocks list ',","    '  foundation blocks install <block>',","    '',","    'List available building blocks, or install them',","  ],","  'kits': [","    'Usage:',","    '  foundation kits list ',","    '  foundation kits install <kits>',","    '',","    'List available building block kits, or install them',","  ],","}","","module.exports = function(args, options) {","  var say;","  if (typeof args === 'undefined' || args.length === 0) {","    say = 'default'","  } else {","    say = args[0]","  }","  // A line break is added before and after the help text for good measure","  say = '\\n' + helpText[say].join('\\n') + '\\n\\n'","","  process.stdout.write(say);","}",""],"l":{"1":1,"3":1,"79":1,"80":0,"81":0,"82":0,"84":0,"87":0,"89":0}},"/home/travis/build/npmtest/node-npmtest-foundation-cli/node_modules/foundation-cli/lib/commands/new.js":{"path":"/home/travis/build/npmtest/node-npmtest-foundation-cli/node_modules/foundation-cli/lib/commands/new.js","s":{"1":8,"2":8,"3":8,"4":8,"5":8,"6":8,"7":8,"8":8,"9":8,"10":8,"11":8,"12":8,"13":0,"14":0,"15":0,"16":0,"17":0,"18":0,"19":0,"20":1,"21":0,"22":0,"23":0,"24":0,"25":0,"26":0,"27":0,"28":0,"29":1,"30":0,"31":0,"32":0,"33":0,"34":0,"35":0,"36":0,"37":1,"38":0,"39":0,"40":0,"41":0,"42":0,"43":0,"44":0,"45":0,"46":0,"47":0,"48":0,"49":0,"50":0,"51":0,"52":0,"53":0,"54":1,"55":0,"56":0,"57":0,"58":1,"59":0,"60":0,"61":0,"62":0,"63":0,"64":0,"65":0,"66":0,"67":0,"68":0,"69":1,"70":0,"71":0,"72":0,"73":0,"74":0,"75":0,"76":0,"77":0,"78":0,"79":1,"80":0,"81":0,"82":0,"83":0,"84":0,"85":0,"86":0,"87":0,"88":0,"89":0,"90":0,"91":0,"92":0,"93":0,"94":0,"95":0,"96":0,"97":1,"98":0,"99":0,"100":0,"101":0},"b":{"1":[0,0],"2":[0,0],"3":[0,0],"4":[0,0],"5":[0,0,0],"6":[0,0],"7":[0,0],"8":[0,0],"9":[0,0],"10":[0,0],"11":[0,0],"12":[0,0],"13":[0,0],"14":[0,0],"15":[0,0],"16":[0,0],"17":[0,0],"18":[0,0],"19":[0,0],"20":[0,0],"21":[0,0],"22":[0,0],"23":[0,0]},"f":{"1":0,"2":0,"3":0,"4":0,"5":0,"6":0,"7":0,"8":0,"9":0,"10":0,"11":0,"12":0,"13":0,"14":0,"15":0,"16":0,"17":0},"fnMap":{"1":{"name":"(anonymous_1)","line":25,"loc":{"start":{"line":25,"column":17},"end":{"line":25,"column":55}}},"2":{"name":"preflight","line":35,"loc":{"start":{"line":35,"column":2},"end":{"line":35,"column":25}}},"3":{"name":"(anonymous_3)","line":41,"loc":{"start":{"line":41,"column":17},"end":{"line":41,"column":30}}},"4":{"name":"prompt","line":51,"loc":{"start":{"line":51,"column":2},"end":{"line":51,"column":22}}},"5":{"name":"(anonymous_5)","line":52,"loc":{"start":{"line":52,"column":45},"end":{"line":52,"column":63}}},"6":{"name":"gitClone","line":65,"loc":{"start":{"line":65,"column":2},"end":{"line":65,"column":24}}},"7":{"name":"(anonymous_7)","line":82,"loc":{"start":{"line":82,"column":14},"end":{"line":82,"column":28}}},"8":{"name":"folderSetup","line":99,"loc":{"start":{"line":99,"column":2},"end":{"line":99,"column":27}}},"9":{"name":"(anonymous_9)","line":100,"loc":{"start":{"line":100,"column":19},"end":{"line":100,"column":30}}},"10":{"name":"npmInstall","line":116,"loc":{"start":{"line":116,"column":2},"end":{"line":116,"column":26}}},"11":{"name":"(anonymous_11)","line":117,"loc":{"start":{"line":117,"column":74},"end":{"line":117,"column":88}}},"12":{"name":"(anonymous_12)","line":118,"loc":{"start":{"line":118,"column":31},"end":{"line":118,"column":51}}},"13":{"name":"bowerInstall","line":129,"loc":{"start":{"line":129,"column":2},"end":{"line":129,"column":28}}},"14":{"name":"(anonymous_14)","line":137,"loc":{"start":{"line":137,"column":17},"end":{"line":137,"column":31}}},"15":{"name":"(anonymous_15)","line":142,"loc":{"start":{"line":142,"column":17},"end":{"line":142,"column":32}}},"16":{"name":"finish","line":151,"loc":{"start":{"line":151,"column":2},"end":{"line":151,"column":32}}},"17":{"name":"formatHello","line":182,"loc":{"start":{"line":182,"column":0},"end":{"line":182,"column":37}}}},"statementMap":{"1":{"start":{"line":1,"column":0},"end":{"line":1,"column":32}},"2":{"start":{"line":2,"column":0},"end":{"line":2,"column":32}},"3":{"start":{"line":3,"column":0},"end":{"line":3,"column":33}},"4":{"start":{"line":4,"column":0},"end":{"line":4,"column":45}},"5":{"start":{"line":5,"column":0},"end":{"line":5,"column":29}},"6":{"start":{"line":6,"column":0},"end":{"line":6,"column":35}},"7":{"start":{"line":7,"column":0},"end":{"line":7,"column":34}},"8":{"start":{"line":8,"column":0},"end":{"line":8,"column":30}},"9":{"start":{"line":9,"column":0},"end":{"line":9,"column":31}},"10":{"start":{"line":10,"column":0},"end":{"line":10,"column":33}},"11":{"start":{"line":11,"column":0},"end":{"line":11,"column":32}},"12":{"start":{"line":12,"column":0},"end":{"line":12,"column":34}},"13":{"start":{"line":13,"column":0},"end":{"line":13,"column":50}},"14":{"start":{"line":14,"column":0},"end":{"line":14,"column":38}},"15":{"start":{"line":16,"column":0},"end":{"line":23,"column":1}},"16":{"start":{"line":25,"column":0},"end":{"line":180,"column":1}},"17":{"start":{"line":26,"column":2},"end":{"line":26,"column":75}},"18":{"start":{"line":27,"column":2},"end":{"line":29,"column":4}},"19":{"start":{"line":32,"column":2},"end":{"line":32,"column":30}},"20":{"start":{"line":35,"column":2},"end":{"line":48,"column":3}},"21":{"start":{"line":36,"column":4},"end":{"line":39,"column":5}},"22":{"start":{"line":37,"column":6},"end":{"line":37,"column":62}},"23":{"start":{"line":38,"column":6},"end":{"line":38,"column":22}},"24":{"start":{"line":41,"column":4},"end":{"line":47,"column":7}},"25":{"start":{"line":42,"column":6},"end":{"line":45,"column":7}},"26":{"start":{"line":43,"column":8},"end":{"line":43,"column":51}},"27":{"start":{"line":44,"column":8},"end":{"line":44,"column":25}},"28":{"start":{"line":46,"column":6},"end":{"line":46,"column":11}},"29":{"start":{"line":51,"column":2},"end":{"line":62,"column":3}},"30":{"start":{"line":52,"column":4},"end":{"line":61,"column":7}},"31":{"start":{"line":54,"column":6},"end":{"line":54,"column":59}},"32":{"start":{"line":55,"column":6},"end":{"line":55,"column":57}},"33":{"start":{"line":56,"column":6},"end":{"line":56,"column":71}},"34":{"start":{"line":57,"column":6},"end":{"line":57,"column":60}},"35":{"start":{"line":58,"column":6},"end":{"line":58,"column":63}},"36":{"start":{"line":60,"column":6},"end":{"line":60,"column":11}},"37":{"start":{"line":65,"column":2},"end":{"line":96,"column":3}},"38":{"start":{"line":66,"column":4},"end":{"line":68,"column":32}},"39":{"start":{"line":70,"column":4},"end":{"line":70,"column":59}},"40":{"start":{"line":71,"column":4},"end":{"line":71,"column":59}},"41":{"start":{"line":73,"column":4},"end":{"line":73,"column":47}},"42":{"start":{"line":74,"column":4},"end":{"line":74,"column":55}},"43":{"start":{"line":77,"column":4},"end":{"line":80,"column":5}},"44":{"start":{"line":78,"column":1},"end":{"line":78,"column":75}},"45":{"start":{"line":79,"column":1},"end":{"line":79,"column":17}},"46":{"start":{"line":82,"column":4},"end":{"line":91,"column":7}},"47":{"start":{"line":83,"column":6},"end":{"line":86,"column":7}},"48":{"start":{"line":84,"column":8},"end":{"line":84,"column":44}},"49":{"start":{"line":85,"column":8},"end":{"line":85,"column":24}},"50":{"start":{"line":88,"column":6},"end":{"line":88,"column":35}},"51":{"start":{"line":90,"column":6},"end":{"line":90,"column":11}},"52":{"start":{"line":93,"column":4},"end":{"line":95,"column":5}},"53":{"start":{"line":94,"column":6},"end":{"line":94,"column":43}},"54":{"start":{"line":99,"column":2},"end":{"line":113,"column":3}},"55":{"start":{"line":100,"column":4},"end":{"line":100,"column":34}},"56":{"start":{"line":101,"column":4},"end":{"line":101,"column":49}},"57":{"start":{"line":102,"column":4},"end":{"line":102,"column":9}},"58":{"start":{"line":116,"column":2},"end":{"line":126,"column":3}},"59":{"start":{"line":117,"column":4},"end":{"line":125,"column":7}},"60":{"start":{"line":118,"column":6},"end":{"line":124,"column":9}},"61":{"start":{"line":119,"column":8},"end":{"line":119,"column":51}},"62":{"start":{"line":119,"column":34},"end":{"line":119,"column":51}},"63":{"start":{"line":120,"column":8},"end":{"line":120,"column":35}},"64":{"start":{"line":121,"column":8},"end":{"line":122,"column":86}},"65":{"start":{"line":121,"column":50},"end":{"line":121,"column":92}},"66":{"start":{"line":122,"column":13},"end":{"line":122,"column":86}},"67":{"start":{"line":122,"column":44},"end":{"line":122,"column":86}},"68":{"start":{"line":123,"column":8},"end":{"line":123,"column":26}},"69":{"start":{"line":129,"column":2},"end":{"line":148,"column":3}},"70":{"start":{"line":131,"column":4},"end":{"line":147,"column":5}},"71":{"start":{"line":132,"column":6},"end":{"line":132,"column":20}},"72":{"start":{"line":135,"column":6},"end":{"line":146,"column":9}},"73":{"start":{"line":138,"column":8},"end":{"line":139,"column":54}},"74":{"start":{"line":139,"column":10},"end":{"line":139,"column":54}},"75":{"start":{"line":140,"column":8},"end":{"line":140,"column":24}},"76":{"start":{"line":143,"column":8},"end":{"line":144,"column":54}},"77":{"start":{"line":144,"column":10},"end":{"line":144,"column":54}},"78":{"start":{"line":145,"column":8},"end":{"line":145,"column":23}},"79":{"start":{"line":151,"column":2},"end":{"line":179,"column":3}},"80":{"start":{"line":154,"column":4},"end":{"line":154,"column":48}},"81":{"start":{"line":156,"column":4},"end":{"line":159,"column":40}},"82":{"start":{"line":157,"column":6},"end":{"line":157,"column":43}},"83":{"start":{"line":159,"column":6},"end":{"line":159,"column":40}},"84":{"start":{"line":161,"column":4},"end":{"line":161,"column":42}},"85":{"start":{"line":163,"column":4},"end":{"line":166,"column":36}},"86":{"start":{"line":164,"column":6},"end":{"line":164,"column":39}},"87":{"start":{"line":166,"column":6},"end":{"line":166,"column":36}},"88":{"start":{"line":168,"column":4},"end":{"line":171,"column":38}},"89":{"start":{"line":169,"column":6},"end":{"line":169,"column":41}},"90":{"start":{"line":170,"column":9},"end":{"line":171,"column":38}},"91":{"start":{"line":171,"column":6},"end":{"line":171,"column":38}},"92":{"start":{"line":173,"column":4},"end":{"line":176,"column":45}},"93":{"start":{"line":174,"column":6},"end":{"line":174,"column":48}},"94":{"start":{"line":176,"column":6},"end":{"line":176,"column":45}},"95":{"start":{"line":178,"column":4},"end":{"line":178,"column":51}},"96":{"start":{"line":178,"column":40},"end":{"line":178,"column":51}},"97":{"start":{"line":182,"column":0},"end":{"line":187,"column":1}},"98":{"start":{"line":183,"column":2},"end":{"line":183,"column":68}},"99":{"start":{"line":184,"column":2},"end":{"line":184,"column":23}},"100":{"start":{"line":185,"column":2},"end":{"line":185,"column":37}},"101":{"start":{"line":186,"column":2},"end":{"line":186,"column":25}}},"branchMap":{"1":{"line":36,"type":"if","locations":[{"start":{"line":36,"column":4},"end":{"line":36,"column":4}},{"start":{"line":36,"column":4},"end":{"line":36,"column":4}}]},"2":{"line":42,"type":"if","locations":[{"start":{"line":42,"column":6},"end":{"line":42,"column":6}},{"start":{"line":42,"column":6},"end":{"line":42,"column":6}}]},"3":{"line":54,"type":"binary-expr","locations":[{"start":{"line":54,"column":20},"end":{"line":54,"column":37}},{"start":{"line":54,"column":41},"end":{"line":54,"column":58}}]},"4":{"line":55,"type":"binary-expr","locations":[{"start":{"line":55,"column":18},"end":{"line":55,"column":35}},{"start":{"line":55,"column":39},"end":{"line":55,"column":56}}]},"5":{"line":56,"type":"binary-expr","locations":[{"start":{"line":56,"column":17},"end":{"line":56,"column":33}},{"start":{"line":56,"column":37},"end":{"line":56,"column":53}},{"start":{"line":56,"column":57},"end":{"line":56,"column":70}}]},"6":{"line":66,"type":"cond-expr","locations":[{"start":{"line":67,"column":8},"end":{"line":67,"column":36}},{"start":{"line":68,"column":8},"end":{"line":68,"column":31}}]},"7":{"line":77,"type":"if","locations":[{"start":{"line":77,"column":4},"end":{"line":77,"column":4}},{"start":{"line":77,"column":4},"end":{"line":77,"column":4}}]},"8":{"line":83,"type":"if","locations":[{"start":{"line":83,"column":6},"end":{"line":83,"column":6}},{"start":{"line":83,"column":6},"end":{"line":83,"column":6}}]},"9":{"line":93,"type":"if","locations":[{"start":{"line":93,"column":4},"end":{"line":93,"column":4}},{"start":{"line":93,"column":4},"end":{"line":93,"column":4}}]},"10":{"line":119,"type":"if","locations":[{"start":{"line":119,"column":8},"end":{"line":119,"column":8}},{"start":{"line":119,"column":8},"end":{"line":119,"column":8}}]},"11":{"line":119,"type":"binary-expr","locations":[{"start":{"line":119,"column":12},"end":{"line":119,"column":25}},{"start":{"line":119,"column":29},"end":{"line":119,"column":32}}]},"12":{"line":121,"type":"if","locations":[{"start":{"line":121,"column":8},"end":{"line":121,"column":8}},{"start":{"line":121,"column":8},"end":{"line":121,"column":8}}]},"13":{"line":121,"type":"binary-expr","locations":[{"start":{"line":121,"column":11},"end":{"line":121,"column":18}},{"start":{"line":121,"column":22},"end":{"line":121,"column":48}}]},"14":{"line":122,"type":"if","locations":[{"start":{"line":122,"column":13},"end":{"line":122,"column":13}},{"start":{"line":122,"column":13},"end":{"line":122,"column":13}}]},"15":{"line":131,"type":"if","locations":[{"start":{"line":131,"column":4},"end":{"line":131,"column":4}},{"start":{"line":131,"column":4},"end":{"line":131,"column":4}}]},"16":{"line":138,"type":"if","locations":[{"start":{"line":138,"column":8},"end":{"line":138,"column":8}},{"start":{"line":138,"column":8},"end":{"line":138,"column":8}}]},"17":{"line":143,"type":"if","locations":[{"start":{"line":143,"column":8},"end":{"line":143,"column":8}},{"start":{"line":143,"column":8},"end":{"line":143,"column":8}}]},"18":{"line":156,"type":"if","locations":[{"start":{"line":156,"column":4},"end":{"line":156,"column":4}},{"start":{"line":156,"column":4},"end":{"line":156,"column":4}}]},"19":{"line":163,"type":"if","locations":[{"start":{"line":163,"column":4},"end":{"line":163,"column":4}},{"start":{"line":163,"column":4},"end":{"line":163,"column":4}}]},"20":{"line":168,"type":"if","locations":[{"start":{"line":168,"column":4},"end":{"line":168,"column":4}},{"start":{"line":168,"column":4},"end":{"line":168,"column":4}}]},"21":{"line":170,"type":"if","locations":[{"start":{"line":170,"column":9},"end":{"line":170,"column":9}},{"start":{"line":170,"column":9},"end":{"line":170,"column":9}}]},"22":{"line":173,"type":"if","locations":[{"start":{"line":173,"column":4},"end":{"line":173,"column":4}},{"start":{"line":173,"column":4},"end":{"line":173,"column":4}}]},"23":{"line":178,"type":"if","locations":[{"start":{"line":178,"column":4},"end":{"line":178,"column":4}},{"start":{"line":178,"column":4},"end":{"line":178,"column":4}}]}},"code":["var async    = require('async');","var bower    = require('bower');","var colors   = require('colors');","var exec     = require('child_process').exec;","var fs       = require('fs');","var inquirer = require('inquirer');","var isRoot   = require('is-root');","var npm      = require('npm');","var path     = require('path');","var rimraf   = require('rimraf');","var which    = require('which');","var util     = require('../util');","var EventEmitter = require(\"events\").EventEmitter;","var format   = require('util').format;","","var repositories = {","  sites: {","    basic: 'https://github.com/zurb/foundation-sites-template.git',","    zurb: 'https://github.com/zurb/foundation-zurb-template.git'","  },","  apps: 'https://github.com/zurb/foundation-apps-template.git',","  emails: 'https://github.com/zurb/foundation-emails-template.git'","}","","module.exports = function(args, options, callback, ee) {","  var projectName, projectFolder, framework, template, messages, directory;","  var tasks = [","    preflight, prompt, gitClone, folderSetup, npmInstall, bowerInstall","  ];","","  // Each function below is executed in order","  async.series(tasks, finish);","","  // 1. Check that the process isn't root, and that Git is installed","  function preflight(cb) {","    if (isRoot()) {","      console.log(util.mascot('sites', util.messages.noRoot));","      process.exit(1);","    }","","    which('git', function(er) {","      if (er) {","        console.log(util.messages.gitNotInstalled);","        process.exit(69);","      }","      cb();","    });","  }","","  // 2. Find out what the user wants to do","  function prompt(cb) {","    inquirer.prompt(util.questions(options), function(answers) {","      // The variables we need either came from the prompts, or the console arguments","      projectName = answers.directory || options.directory;","      framework = answers.framework || options.framework;","      template = answers.template || options.template || 'unspecified';","      projectFolder = path.join(process.cwd(), projectName);","      messages = util.messages(projectName,framework,template);","","      cb();","    });","  }","","  // 3. Clone the framework's template project","  function gitClone(cb) {","    var repo = framework === 'sites'","      ? repositories.sites[template]","      : repositories[framework];","","    var cmd = format('git clone %s %s', repo, projectName);","    var hello = formatHello(messages.helloYeti, framework);","","    console.log(util.mascot(framework, hello));","    process.stdout.write(messages.downloadingTemplate);","","    // [TODO] Change to spawn and check for errors on stderr","    if (repositories[framework] === undefined) {","\tconsole.log(\"error!\".red + \"\\nFramework \" + framework.cyan + \" unknown.\");","\tprocess.exit(1);","    }","","    exec(cmd, function(err) {","      if (err instanceof Error) {","        console.log(messages.gitCloneError);","        process.exit(1);","      }","","      process.chdir(projectFolder);","","      cb();","    });","","    if (typeof(ee) !== 'undefined') {","      ee.emit(\"cloneSuccess\", projectName);","    }","  }","","  // 4. Remove the Git folder and change the version number if applicable","  function folderSetup(cb) {","    rimraf('.git', function() {});","    console.log(messages.installingDependencies);","    cb();","","    // if (options.edge) {","    //   util.changeVersion(directory, 'foundation-'+framework, 'master', cb);","    // }","    // else if (options.version) {","    //   util.changeVersion(directory, 'foundation-'+framework, options.version, cb);","    // }","    // else {","    //   cb();","    // }","  }","","  // 5. Install Node dependencies","  function npmInstall(cb) {","    npm.load({ prefix: projectFolder, loglevel: 'error', loaded: false }, function(err) {","      npm.commands.install([], function(err, data) {","        if (options.debug && err) console.log(err);","        var success = err === null;","        if(success && typeof(ee) !== 'undefined') ee.emit(\"npmInstallSuccess\", projectName);","        else if(typeof(ee) !== 'undefined') ee.emit(\"npmInstallFailure\", projectName);","        cb(null, success);","      });","    });","  }","","  // 6. Install Bower dependencies","  function bowerInstall(cb) {","    // Only run \"bower install\" if a bower.json is present","    if (!fs.existsSync('bower.json')) {","      cb(null, true)","    }","    else {","      bower.commands.install(undefined, undefined, {","        cwd: process.cwd(), silent: true, quiet: true, production: true })","      .on('err', function(err) {","        if (typeof ee !== 'undefined')","          ee.emit(\"bowerInstallFailure\", projectName);","        cb(null, false);","      })","      .on('end', function(data) {","        if (typeof ee !== 'undefined')","          ee.emit(\"bowerInstallSuccess\", projectName);","        cb(null, true);","      });","    }","  }","","  // 7. Finish the process with a status report","  function finish(err, results) {","    // Indexes 4 and 5 of results are the npm/Bower statuses","    // All the rest should be undefined","    var allGood = results.indexOf(false) === -1;","","    if (allGood)","      console.log(messages.installSuccess);","    else","      console.log(messages.installFail);","","    console.log(messages.gitCloneSuccess);","","    if (results[4])","      console.log(messages.npmSuccess);","    else","      console.log(messages.npmFail);","","    if (results[5])","      console.log(messages.bowerSuccess);","    else if (fs.existsSync('bower.json'))","      console.log(messages.bowerFail);","","    if (allGood)","      console.log(messages.installSuccessFinal);","    else","      console.log(messages.installFailFinal);","","    if (typeof(callback)!=='undefined') callback();","  }","}","","function formatHello(str, framework) {","  framework = framework.charAt(0).toUpperCase() + framework.slice(1)","  str = str.join('\\n');","  str = str.replace('%s', framework);","  return str.split('\\n');","}",""],"l":{"1":8,"2":8,"3":8,"4":8,"5":8,"6":8,"7":8,"8":8,"9":8,"10":8,"11":8,"12":8,"13":0,"14":0,"16":0,"25":0,"26":0,"27":0,"32":0,"35":1,"36":0,"37":0,"38":0,"41":0,"42":0,"43":0,"44":0,"46":0,"51":1,"52":0,"54":0,"55":0,"56":0,"57":0,"58":0,"60":0,"65":1,"66":0,"70":0,"71":0,"73":0,"74":0,"77":0,"78":0,"79":0,"82":0,"83":0,"84":0,"85":0,"88":0,"90":0,"93":0,"94":0,"99":1,"100":0,"101":0,"102":0,"116":1,"117":0,"118":0,"119":0,"120":0,"121":0,"122":0,"123":0,"129":1,"131":0,"132":0,"135":0,"138":0,"139":0,"140":0,"143":0,"144":0,"145":0,"151":1,"154":0,"156":0,"157":0,"159":0,"161":0,"163":0,"164":0,"166":0,"168":0,"169":0,"170":0,"171":0,"173":0,"174":0,"176":0,"178":0,"182":1,"183":0,"184":0,"185":0,"186":0}},"/home/travis/build/npmtest/node-npmtest-foundation-cli/node_modules/foundation-cli/lib/util/index.js":{"path":"/home/travis/build/npmtest/node-npmtest-foundation-cli/node_modules/foundation-cli/lib/util/index.js","s":{"1":8},"b":{},"f":{},"fnMap":{},"statementMap":{"1":{"start":{"line":1,"column":0},"end":{"line":7,"column":1}}},"branchMap":{},"code":["module.exports = {","  changeVersion: require('./changeVersion'),","  copySettings: require('./copySettings'),","  mascot: require('./mascot'),","  messages: require('./messages'),","  questions: require('./questions')","}"],"l":{"1":8}},"/home/travis/build/npmtest/node-npmtest-foundation-cli/node_modules/foundation-cli/lib/util/changeVersion.js":{"path":"/home/travis/build/npmtest/node-npmtest-foundation-cli/node_modules/foundation-cli/lib/util/changeVersion.js","s":{"1":1,"2":1,"3":1,"4":1,"5":1,"6":0,"7":0,"8":0,"9":0,"10":0},"b":{"1":[0,0],"2":[0,0]},"f":{"1":0},"fnMap":{"1":{"name":"(anonymous_1)","line":13,"loc":{"start":{"line":13,"column":17},"end":{"line":13,"column":49}}}},"statementMap":{"1":{"start":{"line":1,"column":0},"end":{"line":1,"column":23}},"2":{"start":{"line":2,"column":0},"end":{"line":2,"column":31}},"3":{"start":{"line":3,"column":0},"end":{"line":3,"column":27}},"4":{"start":{"line":4,"column":0},"end":{"line":4,"column":31}},"5":{"start":{"line":13,"column":0},"end":{"line":21,"column":1}},"6":{"start":{"line":14,"column":2},"end":{"line":20,"column":3}},"7":{"start":{"line":15,"column":4},"end":{"line":15,"column":49}},"8":{"start":{"line":16,"column":4},"end":{"line":16,"column":39}},"9":{"start":{"line":18,"column":4},"end":{"line":18,"column":42}},"10":{"start":{"line":19,"column":4},"end":{"line":19,"column":71}}},"branchMap":{"1":{"line":14,"type":"if","locations":[{"start":{"line":14,"column":2},"end":{"line":14,"column":2}},{"start":{"line":14,"column":2},"end":{"line":14,"column":2}}]},"2":{"line":14,"type":"binary-expr","locations":[{"start":{"line":14,"column":6},"end":{"line":14,"column":27}},{"start":{"line":14,"column":31},"end":{"line":14,"column":51}}]}},"code":["var fs = require('fs');","var semver = require('semver');","var path = require('path');","var colors = require('colors');","","/**"," * Changes the version number of a dependency in bower.json."," * @param {String} cwd - Directory the bower.json file is inside."," * @param {String} dep - Dependency to change."," * @param {String} version - Semver-valid version to change to. `master` is also an acceptable version."," * @param {Function} cb - Callback to run when the file is done being written to."," */","module.exports = function(cwd, dep, version, cb) {","  if (semver.valid(version) || version === 'master') {","    var bowerPath = path.join(cwd, 'bower.json');","    var bowerJSON = require(bowerPath);","","    bowerJSON.dependencies[dep] = version;","    fs.writeFile(bowerPath, JSON.stringify(bowerJSON, null, '  '), cb);","  }","}",""],"l":{"1":1,"2":1,"3":1,"4":1,"13":1,"14":0,"15":0,"16":0,"18":0,"19":0}},"/home/travis/build/npmtest/node-npmtest-foundation-cli/node_modules/foundation-cli/lib/util/copySettings.js":{"path":"/home/travis/build/npmtest/node-npmtest-foundation-cli/node_modules/foundation-cli/lib/util/copySettings.js","s":{"1":1,"2":1,"3":0,"4":0,"5":0},"b":{},"f":{"1":0,"2":0},"fnMap":{"1":{"name":"(anonymous_1)","line":3,"loc":{"start":{"line":3,"column":17},"end":{"line":3,"column":30}}},"2":{"name":"(anonymous_2)","line":7,"loc":{"start":{"line":7,"column":18},"end":{"line":7,"column"
[...]
art":{"line":26,"column":17},"end":{"line":26,"column":38}}},"5":{"name":"getKitList","line":33,"loc":{"start":{"line":33,"column":0},"end":{"line":33,"column":30}}},"6":{"name":"(anonymous_6)","line":35,"loc":{"start":{"line":35,"column":69},"end":{"line":35,"column":87}}},"7":{"name":"installKit","line":41,"loc":{"start":{"line":41,"column":0},"end":{"line":41,"column":45}}},"8":{"name":"(anonymous_8)","line":43,"loc":{"start":{"line":43,"column":24},"end":{"line":43,"column":39}}},"9":{"name":"(anonymous_9)","line":45,"loc":{"start":{"line":45,"column":28},"end":{"line":45,"column":39}}},"10":{"name":"(anonymous_10)","line":49,"loc":{"start":{"line":49,"column":17},"end":{"line":49,"column":32}}},"11":{"name":"(anonymous_11)","line":56,"loc":{"start":{"line":56,"column":33},"end":{"line":56,"column":53}}},"12":{"name":"(anonymous_12)","line":58,"loc":{"start":{"line":58,"column":11},"end":{"line":58,"column":22}}},"13":{"name":"downloadZipFile","line":67,"loc":{"start":{"line":67,"column":0},"end":{"line":67,"column":41}}},"14":{"name":"(anonymous_14)","line":70,"loc":{"start":{"line":70,"column":40},"end":{"line":70,"column":55}}}},"statementMap":{"1":{"start":{"line":1,"column":0},"end":{"line":1,"column":29}},"2":{"start":{"line":2,"column":0},"end":{"line":2,"column":29}},"3":{"start":{"line":3,"column":0},"end":{"line":3,"column":25}},"4":{"start":{"line":5,"column":0},"end":{"line":5,"column":43}},"5":{"start":{"line":6,"column":0},"end":{"line":6,"column":28}},"6":{"start":{"line":7,"column":0},"end":{"line":7,"column":39}},"7":{"start":{"line":8,"column":0},"end":{"line":8,"column":71}},"8":{"start":{"line":10,"column":0},"end":{"line":13,"column":2}},"9":{"start":{"line":15,"column":0},"end":{"line":22,"column":1}},"10":{"start":{"line":16,"column":2},"end":{"line":16,"column":31}},"11":{"start":{"line":17,"column":2},"end":{"line":21,"column":3}},"12":{"start":{"line":18,"column":4},"end":{"line":18,"column":41}},"13":{"start":{"line":20,"column":4},"end":{"line":20,"column":19}},"14":{"start":{"line":24,"column":0},"end":{"line":31,"column":1}},"15":{"start":{"line":25,"column":2},"end":{"line":30,"column":5}},"16":{"start":{"line":26,"column":4},"end":{"line":29,"column":7}},"17":{"start":{"line":28,"column":6},"end":{"line":28,"column":56}},"18":{"start":{"line":33,"column":0},"end":{"line":39,"column":1}},"19":{"start":{"line":35,"column":2},"end":{"line":38,"column":5}},"20":{"start":{"line":36,"column":4},"end":{"line":36,"column":35}},"21":{"start":{"line":37,"column":4},"end":{"line":37,"column":19}},"22":{"start":{"line":41,"column":0},"end":{"line":65,"column":1}},"23":{"start":{"line":42,"column":2},"end":{"line":42,"column":21}},"24":{"start":{"line":43,"column":2},"end":{"line":64,"column":5}},"25":{"start":{"line":44,"column":4},"end":{"line":63,"column":5}},"26":{"start":{"line":45,"column":6},"end":{"line":47,"column":9}},"27":{"start":{"line":46,"column":8},"end":{"line":46,"column":51}},"28":{"start":{"line":49,"column":6},"end":{"line":62,"column":9}},"29":{"start":{"line":50,"column":8},"end":{"line":54,"column":9}},"30":{"start":{"line":51,"column":10},"end":{"line":51,"column":52}},"31":{"start":{"line":52,"column":10},"end":{"line":52,"column":36}},"32":{"start":{"line":52,"column":24},"end":{"line":52,"column":35}},"33":{"start":{"line":53,"column":10},"end":{"line":53,"column":17}},"34":{"start":{"line":55,"column":8},"end":{"line":55,"column":39}},"35":{"start":{"line":56,"column":8},"end":{"line":61,"column":10}},"36":{"start":{"line":57,"column":10},"end":{"line":57,"column":59}},"37":{"start":{"line":59,"column":10},"end":{"line":59,"column":53}},"38":{"start":{"line":60,"column":10},"end":{"line":60,"column":36}},"39":{"start":{"line":60,"column":24},"end":{"line":60,"column":35}},"40":{"start":{"line":67,"column":0},"end":{"line":79,"column":1}},"41":{"start":{"line":68,"column":2},"end":{"line":68,"column":31}},"42":{"start":{"line":69,"column":2},"end":{"line":69,"column":55}},"43":{"start":{"line":70,"column":2},"end":{"line":77,"column":5}},"44":{"start":{"line":71,"column":4},"end":{"line":76,"column":5}},"45":{"start":{"line":72,"column":6},"end":{"line":72,"column":46}},"46":{"start":{"line":74,"column":6},"end":{"line":74,"column":49}},"47":{"start":{"line":75,"column":6},"end":{"line":75,"column":22}}},"branchMap":{"1":{"line":17,"type":"if","locations":[{"start":{"line":17,"column":2},"end":{"line":17,"column":2}},{"start":{"line":17,"column":2},"end":{"line":17,"column":2}}]},"2":{"line":44,"type":"if","locations":[{"start":{"line":44,"column":4},"end":{"line":44,"column":4}},{"start":{"line":44,"column":4},"end":{"line":44,"column":4}}]},"3":{"line":50,"type":"if","locations":[{"start":{"line":50,"column":8},"end":{"line":50,"column":8}},{"start":{"line":50,"column":8},"end":{"line":50,"column":8}}]},"4":{"line":52,"type":"if","locations":[{"start":{"line":52,"column":10},"end":{"line":52,"column":10}},{"start":{"line":52,"column":10},"end":{"line":52,"column":10}}]},"5":{"line":60,"type":"if","locations":[{"start":{"line":60,"column":10},"end":{"line":60,"column":10}},{"start":{"line":60,"column":10},"end":{"line":60,"column":10}}]},"6":{"line":71,"type":"if","locations":[{"start":{"line":71,"column":4},"end":{"line":71,"column":4}},{"start":{"line":71,"column":4},"end":{"line":71,"column":4}}]}},"code":["var async = require('async');","var _    = require('lodash');","var fs   = require('fs');","","var fetchUrl = require('../util/fetch-url')","var help = require('./help')","var blockCommand = require('./blocks');","var assertInstallableRepo = require('../util/assert-installable-repo');","","var subcommands = {","  list: listKits,","  install: installKit","};","","module.exports = function(args, options, callback) {","  var fn = subcommands[args[0]]","  if(fn) {","    fn(args.slice(1), options, callback);","  } else {","    help(['kits']);","  }","}","","function listKits(args, options, callback) {","  getKitList(function(kits) {","    _.each(kits, function(value, key) {","      // TODO: handle version info, etc","      console.log(key + ': ' + value.total + ' blocks');","    });","  });","}","","function getKitList(callback) {","  // For now until kits are implemented, use categories to test out build","  fetchUrl('foundation.zurb.com', '/building-blocks/data/kits.json', function(kitJson) {","    var kits = JSON.parse(kitJson);","    callback(kits);","  });","}","","function installKit(args, options, callback) {","  var name = args[0];","  assertInstallableRepo(function(type) {","    if(type === 'zip') {","      downloadZipFile(name, function() {","        console.log('downloaded ' + name + '.zip');","      });","    } else {","      getKitList(function(kits) {","        if (!kits[name]) {","          console.log('Could not find kit: ', name);","          if(callback) {callback();}","          return;","        }","        var blocks = kits[name].blocks;","        async.eachSeries(blocks, function(block, cb) {","          blockCommand(['install', block.datakey], {}, cb);","        }, function() {","          console.log(\"done installing kit: \", name);","          if(callback) {callback();}","        })","      });","    }","  });","}","","function downloadZipFile(name, callback) {","  var filename = name + '.zip';","  var path = '/building-blocks/files/kits/' + filename;","  fetchUrl('foundation.zurb.com', path, function(file) {","    if(file.length > 0) {","      fs.writeFile(filename, file,  callback);","    } else {","      console.log(\"could not find kit: \" + name);","      process.exit(1);","    }","  });","","}",""],"l":{"1":1,"2":1,"3":1,"5":1,"6":1,"7":1,"8":1,"10":1,"15":1,"16":0,"17":0,"18":0,"20":0,"24":1,"25":0,"26":0,"28":0,"33":1,"35":0,"36":0,"37":0,"41":1,"42":0,"43":0,"44":0,"45":0,"46":0,"49":0,"50":0,"51":0,"52":0,"53":0,"55":0,"56":0,"57":0,"59":0,"60":0,"67":1,"68":0,"69":0,"70":0,"71":0,"72":0,"74":0,"75":0}},"/home/travis/build/npmtest/node-npmtest-foundation-cli/node_modules/foundation-cli/lib/commands/update.js":{"path":"/home/travis/build/npmtest/node-npmtest-foundation-cli/node_modules/foundation-cli/lib/commands/update.js","s":{"1":1,"2":1,"3":0,"4":0,"5":0,"6":0,"7":0},"b":{"1":[0,0]},"f":{"1":0,"2":0,"3":0},"fnMap":{"1":{"name":"(anonymous_1)","line":3,"loc":{"start":{"line":3,"column":17},"end":{"line":3,"column":28}}},"2":{"name":"(anonymous_2)","line":8,"loc":{"start":{"line":8,"column":13},"end":{"line":8,"column":27}}},"3":{"name":"(anonymous_3)","line":11,"loc":{"start":{"line":11,"column":13},"end":{"line":11,"column":28}}}},"statementMap":{"1":{"start":{"line":1,"column":0},"end":{"line":1,"column":31}},"2":{"start":{"line":3,"column":0},"end":{"line":16,"column":1}},"3":{"start":{"line":4,"column":2},"end":{"line":4,"column":31}},"4":{"start":{"line":6,"column":2},"end":{"line":15,"column":5}},"5":{"start":{"line":9,"column":4},"end":{"line":9,"column":21}},"6":{"start":{"line":12,"column":4},"end":{"line":14,"column":5}},"7":{"start":{"line":13,"column":6},"end":{"line":13,"column":68}}},"branchMap":{"1":{"line":12,"type":"if","locations":[{"start":{"line":12,"column":4},"end":{"line":12,"column":4}},{"start":{"line":12,"column":4},"end":{"line":12,"column":4}}]}},"code":["var colors = require('colors');","","module.exports = function() {","  var bower = require('bower');","","  bower.commands.update(undefined, undefined, {","    cwd: process.cwd(), loglevel: 'warn', production: true })","  .on('err', function(err) {","    console.log(err);","  })","  .on('end', function(data) {","    if (!Object.keys(data).length) {","      console.log('\\nNothing to update. '.cyan + 'You\\'re good!\\n');","    }","  });","}"],"l":{"1":1,"3":1,"4":0,"6":0,"9":0,"12":0,"13":0}},"/home/travis/build/npmtest/node-npmtest-foundation-cli/node_modules/foundation-cli/lib/commands/watch.js":{"path":"/home/travis/build/npmtest/node-npmtest-foundation-cli/node_modules/foundation-cli/lib/commands/watch.js","s":{"1":1,"2":1,"3":1,"4":1,"5":0,"6":0,"7":0,"8":0,"9":0},"b":{"1":[0,0]},"f":{"1":0,"2":0},"fnMap":{"1":{"name":"(anonymous_1)","line":5,"loc":{"start":{"line":5,"column":17},"end":{"line":5,"column":41}}},"2":{"name":"(anonymous_2)","line":12,"loc":{"start":{"line":12,"column":53},"end":{"line":12,"column":67}}}},"statementMap":{"1":{"start":{"line":1,"column":0},"end":{"line":1,"column":23}},"2":{"start":{"line":2,"column":0},"end":{"line":2,"column":25}},"3":{"start":{"line":3,"column":0},"end":{"line":3,"column":27}},"4":{"start":{"line":5,"column":0},"end":{"line":15,"column":1}},"5":{"start":{"line":7,"column":2},"end":{"line":10,"column":3}},"6":{"start":{"line":8,"column":4},"end":{"line":8,"column":171}},"7":{"start":{"line":9,"column":4},"end":{"line":9,"column":20}},"8":{"start":{"line":12,"column":2},"end":{"line":14,"column":5}},"9":{"start":{"line":13,"column":4},"end":{"line":13,"column":39}}},"branchMap":{"1":{"line":7,"type":"if","locations":[{"start":{"line":7,"column":2},"end":{"line":7,"column":2}},{"start":{"line":7,"column":2},"end":{"line":7,"column":2}}]}},"code":["var fs = require('fs');","var npm = require('npm');","var path = require('path');","","module.exports = function(args, options) {","  // Check if the user is inside a project folder, by looking for a package.json","  if (!fs.existsSync(path.join(process.cwd(), 'package.json'))) {","    console.log(\"\\nYou don't appear to be in a Foundation project folder.\\n\\nUse \" + \"pwd\".cyan + \" (or \" + \"chdir\".cyan + \" on Windows) to see what folder you're in.\\n\");","    process.exit(0);","  }","","  npm.load({ prefix: process.cwd(), loaded: false }, function(err) {","    npm.commands.start.apply(this, []);","  });","}",""],"l":{"1":1,"2":1,"3":1,"5":1,"7":0,"8":0,"9":0,"12":0,"13":0}},"/home/travis/build/npmtest/node-npmtest-foundation-cli/node_modules/foundation-cli/lib/util/messages.js":{"path":"/home/travis/build/npmtest/node-npmtest-foundation-cli/node_modules/foundation-cli/lib/util/messages.js","s":{"1":1,"2":1,"3":0,"4":1,"5":1},"b":{},"f":{"1":0},"fnMap":{"1":{"name":"(anonymous_1)","line":3,"loc":{"start":{"line":3,"column":17},"end":{"line":3,"column":72}}}},"statementMap":{"1":{"start":{"line":1,"column":0},"end":{"line":1,"column":31}},"2":{"start":{"line":3,"column":0},"end":{"line":25,"column":1}},"3":{"start":{"line":4,"column":2},"end":{"line":24,"column":3}},"4":{"start":{"line":27,"column":0},"end":{"line":32,"column":2}},"5":{"start":{"line":34,"column":0},"end":{"line":34,"column":140}}},"branchMap":{},"code":["var colors = require('colors');","","module.exports = function(projectName,messageFramework,messageTemplate) {","  return {","    helloYeti: [","      'Thanks for using ZURB Foundation for %s!',","      '-------------------------------------------',","      'Let\\'s set up a new project.',","      'It shouldn\\'t take more than a minute.'","    ],","    folderExists: \"\\nThere's already a folder named \" + projectName.cyan + \" here. Please use a different name or delete that folder.\\n\",","    downloadingTemplate: \"\\nDownloading the project template...\".cyan,","    gitCloneError: \"There was an issue running \" + \"git clone \".cyan + \"to download the framework \" + \"Foundation for \".cyan + messageFramework.cyan + \" and template \" + messageTemplate.cyan +\".\\nMake sure your computer's Git is configured properly and then try again.\",","    installingDependencies: \"\\nDone downloading!\".green + \"\\n\\nInstalling dependencies...\".cyan + \"\\n\",","    gitCloneSuccess: \" \\u2713 New project folder created.\".green,","    installSuccess: \"\\nYou're all set!\\n\".cyan,","    installFail: \"\\nThere were some problems during the installation.\\n\".cyan,","    npmSuccess: \" \\u2713 Node modules installed.\".green,","    npmFail: \" \\u2717 Node modules not installed.\".red + \" Try running \" + \"npm install\".cyan + \" manually.\",","    bowerSuccess: \" \\u2713 Bower components installed.\".green,","    bowerFail: \" \\u2717 Bower components not installed.\".red + \" Try running \" + \"bower install\".cyan + \" manually.\",","    installSuccessFinal: \"\\nNow run \" + \"foundation watch \".cyan + \"while inside the \" + projectName.cyan + \" folder.\\n\",","    installFailFinal: \"\\nOnce you've resolved the above issues, run \" + \"foundation watch \".cyan + \"while inside the \" + projectName.cyan + \" folder.\\n\"","  }","}","","module.exports.noRoot = [","  'Slow down there, friend!',","  '------------------------',","  'Running this installer as an administrator can cause problems.',","  'Try running this command again without \"sudo\" or administrator rights.'","];","","module.exports.gitNotInstalled = \"\\nYou need Git installed to get started. Download it here: \" + \"http://git-scm.com/downloads\".cyan + \"\\n\";",""],"l":{"1":1,"3":1,"4":0,"27":1,"34":1}},"/home/travis/build/npmtest/node-npmtest-foundation-cli/node_modules/foundation-cli/lib/util/questions.js":{"path":"/home/travis/build/npmtest/node-npmtest-foundation-cli/node_modules/foundation-cli/lib/util/questions.js","s":{"1":1,"2":1,"3":1,"4":0,"5":0,"6":0,"7":0,"8":0,"9":0,"10":0,"11":0,"12":0,"13":0,"14":0,"15":0,"16":0,"17":0,"18":0},"b":{"1":[0,0],"2":[0,0],"3":[0,0],"4":[0,0],"5":[0,0],"6":[0,0],"7":[0,0]},"f":{"1":0,"2":0,"3":0},"fnMap":{"1":{"name":"(anonymous_1)","line":4,"loc":{"start":{"line":4,"column":17},"end":{"line":4,"column":35}}},"2":{"name":"(anonymous_2)","line":31,"loc":{"start":{"line":31,"column":16},"end":{"line":31,"column":32}}},"3":{"name":"(anonymous_3)","line":57,"loc":{"start":{"line":57,"column":12},"end":{"line":57,"column":30}}}},"statementMap":{"1":{"start":{"line":1,"column":0},"end":{"line":1,"column":23}},"2":{"start":{"line":2,"column":0},"end":{"line":2,"column":27}},"3":{"start":{"line":4,"column":0},"end":{"line":64,"column":1}},"4":{"start":{"line":5,"column":2},"end":{"line":5,"column":21}},"5":{"start":{"line":7,"column":2},"end":{"line":24,"column":3}},"6":{"start":{"line":8,"column":4},"end":{"line":23,"column":7}},"7":{"start":{"line":26,"column":2},"end":{"line":42,"column":3}},"8":{"start":{"line":27,"column":4},"end":{"line":41,"column":7}},"9":{"start":{"line":32,"column":8},"end":{"line":32,"column":53}},"10":{"start":{"line":33,"column":8},"end":{"line":35,"column":9}},"11":{"start":{"line":34,"column":10},"end":{"line":34,"column":79}},"12":{"start":{"line":36,"column":8},"end":{"line":38,"column":9}},"13":{"start":{"line":37,"column":10},"end":{"line":37,"column":67}},"14":{"start":{"line":39,"column":8},"end":{"line":39,"column":20}},"15":{"start":{"line":44,"column":2},"end":{"line":61,"column":3}},"16":{"start":{"line":45,"column":4},"end":{"line":60,"column":7}},"17":{"start":{"line":58,"column":8},"end":{"line":58,"column":78}},"18":{"start":{"line":63,"column":2},"end":{"line":63,"column":19}}},"branchMap":{"1":{"line":7,"type":"if","locations":[{"start":{"line":7,"column":2},"end":{"line":7,"column":2}},{"start":{"line":7,"column":2},"end":{"line":7,"column":2}}]},"2":{"line":7,"type":"binary-expr","locations":[{"start":{"line":7,"column":6},"end":{"line":7,"column":24}},{"start":{"line":7,"column":28},"end":{"line":7,"column":74}}]},"3":{"line":26,"type":"if","locations":[{"start":{"line":26,"column":2},"end":{"line":26,"column":2}},{"start":{"line":26,"column":2},"end":{"line":26,"column":2}}]},"4":{"line":33,"type":"if","locations":[{"start":{"line":33,"column":8},"end":{"line":33,"column":8}},{"start":{"line":33,"column":8},"end":{"line":33,"column":8}}]},"5":{"line":36,"type":"if","locations":[{"start":{"line":36,"column":8},"end":{"line":36,"column":8}},{"start":{"line":36,"column":8},"end":{"line":36,"column":8}}]},"6":{"line":44,"type":"if","locations":[{"start":{"line":44,"column":2},"end":{"line":44,"column":2}},{"start":{"line":44,"column":2},"end":{"line":44,"column":2}}]},"7":{"line":58,"type":"binary-expr","locations":[{"start":{"line":58,"column":15},"end":{"line":58,"column":44}},{"start":{"line":58,"column":48},"end":{"line":58,"column":77}}]}},"code":["var fs = require('fs');","var path = require('path');","","module.exports = function(options) {","  var questions = [];","","  if (!options.framework || !options.framework.match(/(site|app|email)s*/)) {","    questions.push({","      type: 'list',","      name: 'framework',","      message: 'What are you building today?',","      default: 'sites',","      choices: [{","        name: 'A website (Foundation for Sites)',","        value: 'sites'","      }, {","        name: 'A web app (Foundation for Apps)',","        value: 'apps'","      }, {","        name: 'An email (Foundation for Emails)',","        value: 'emails'","      }]","    });","  }","","  if (!options.directory) {","    questions.push({","      type: 'input',","      name: 'directory',","      message: 'What\\'s the project called? (no spaces)',","      validate: function(input) {","        var folder = path.join(process.cwd(), input);","        if (fs.existsSync(folder)) {","          return 'There\\'s already a folder with that name in this directory.';","        }","        if (input.indexOf(\" \") != -1) {","          return \"The project name should not contain any spaces.\";","        }","        return true;","      }","    });","  }","","  if (!options.template) {","    questions.push({","      type: 'list',","      name: 'template',","      message: 'Which template would you like to use?',","      default: 'basic',","      choices: [{","        name: 'Basic Template: includes a Sass compiler',","        value: 'basic'","      }, {","        name: 'ZURB Template: includes Handlebars templates and Sass/JS compilers',","        value: 'zurb'","      }],","      when: function(answers) {","        return answers.framework === 'sites' || options.framework === 'sites';","      }","    });","  }","","  return questions;","}",""],"l":{"1":1,"2":1,"4":1,"5":0,"7":0,"8":0,"26":0,"27":0,"32":0,"33":0,"34":0,"36":0,"37":0,"39":0,"44":0,"45":0,"58":0,"63":0}}}